#
# A fatal error has been detected by the Java Runtime Environment:
#
#  EXCEPTION_ACCESS_VIOLATION (0xc0000005) at pc=0x00007ff849ea3f4b, pid=17856, tid=15124
#
# JRE version: OpenJDK Runtime Environment (11.0.9.1+1) (build 11.0.9.1+1-LTS)
# Java VM: OpenJDK 64-Bit Server VM (11.0.9.1+1-LTS, mixed mode, tiered, compressed oops, g1 gc, windows-amd64)
# Problematic frame:
# V  [jvm.dll+0x6c3f4b]
#
# No core dump will be written. Minidumps are not enabled by default on client versions of Windows
#
# If you would like to submit a bug report, please visit:
#   https://bugreport.java.com/bugreport/crash.jsp
#

---------------  S U M M A R Y ------------

Command Line: -agentlib:jdwp=transport=dt_socket,suspend=y,address=localhost:1264 --module-path=C:\Program Files\Java\javafx-sdk-18.0.1\lib --add-modules=javafx.controls,javafx.fxml -javaagent:C:\Users\jenia\eclipse\java-2020-09\eclipse\configuration\org.eclipse.osgi\874\0\.cp\lib\javaagent-shaded.jar -Dfile.encoding=Cp1252 main.ClientUI

Host: Intel(R) Core(TM) i5-7600K CPU @ 3.80GHz, 4 cores, 15G,  Windows 10 , 64 bit Build 19041 (10.0.19041.1706)
Time: Sat May 14 16:33:27 2022 Jerusalem Daylight Time elapsed time: 360.324223 seconds (0d 0h 6m 0s)

---------------  T H R E A D  ---------------

Current thread (0x0000019642cc6000):  VMThread "VM Thread" [stack: 0x0000007f74800000,0x0000007f74900000] [id=15124]

Stack: [0x0000007f74800000,0x0000007f74900000],  sp=0x0000007f748fe790,  free space=1017k
Native frames: (J=compiled Java code, j=interpreted, Vv=VM code, C=native code)
V  [jvm.dll+0x6c3f4b]
V  [jvm.dll+0x322cc3]
V  [jvm.dll+0x3249c5]
V  [jvm.dll+0x3252ae]
V  [jvm.dll+0x322b1c]
V  [jvm.dll+0x321d52]
V  [jvm.dll+0x5e38e5]
V  [jvm.dll+0x5e366d]
V  [jvm.dll+0x5a91d3]
V  [jvm.dll+0x4bad31]
V  [jvm.dll+0x77fb8c]
V  [jvm.dll+0x783b87]
V  [jvm.dll+0x7843e9]
V  [jvm.dll+0x784777]
V  [jvm.dll+0x73a0b4]
V  [jvm.dll+0x5f3566]
C  [ucrtbase.dll+0x21bb2]
C  [KERNEL32.DLL+0x17034]
C  [ntdll.dll+0x52651]


siginfo: EXCEPTION_ACCESS_VIOLATION (0xc0000005), reading address 0x0000000000000006


Register to memory mapping:

RIP=0x00007ff849ea3f4b jvm.dll
RAX=0x0000007f748fe820 points into unknown readable memory: 1a 01 00 46 00 00 00 00
RBX=0x0000007f748fe7f0 points into unknown readable memory: f8 7a 06 4a f8 7f 00 00
RCX=0x0 is NULL
RDX=0x0 is NULL
RSP=0x0000007f748fe790 points into unknown readable memory: f0 e7 8f 74 7f 00 00 00
RBP=0x0000007f748fed40 points into unknown readable memory: 68 fb c7 42 96 01 00 00
RSI=0x0 is NULL
RDI=0x0 is NULL
R8 =0x0 is NULL
R9 =0x000001964e3dba40 is pointing into metadata
R10=0x0 is NULL
R11=0x0000000047000000 is an unknown value
R12=0x0000019644156290 points into unknown readable memory: 00 20 8a 0e 09 01 00 00
R13=0x00000000000000f0 is an unknown value
R14=0x000001965405e4c7 is pointing into metadata
R15=0x0000000000000128 is an unknown value


Registers:
RAX=0x0000007f748fe820, RBX=0x0000007f748fe7f0, RCX=0x0000000000000000, RDX=0x0000000000000000
RSP=0x0000007f748fe790, RBP=0x0000007f748fed40, RSI=0x0000000000000000, RDI=0x0000000000000000
R8 =0x0000000000000000, R9 =0x000001964e3dba40, R10=0x0000000000000000, R11=0x0000000047000000
R12=0x0000019644156290, R13=0x00000000000000f0, R14=0x000001965405e4c7, R15=0x0000000000000128
RIP=0x00007ff849ea3f4b, EFLAGS=0x0000000000010246

Top of Stack: (sp=0x0000007f748fe790)
0x0000007f748fe790:   0000007f748fe7f0 00007ff8e6aa0d9e
0x0000007f748fe7a0:   00007ff8e6a90000 00007ff849ea445a
0x0000007f748fe7b0:   0000000000000000 00007ff849b02cc3
0x0000007f748fe7c0:   0000000000000000 0000007f748feeb0
0x0000007f748fe7d0:   0000007f748fede0 00007ff849ea40c7
0x0000007f748fe7e0:   0000007f748fe840 ffffffffffffffff
0x0000007f748fe7f0:   00007ff84a067af8 0000000000000000
0x0000007f748fe800:   0000000000000000 00007ff80000000c
0x0000007f748fe810:   0000007f748fe820 0000007f00000000
0x0000007f748fe820:   000000004600011a 0000019644156c74
0x0000007f748fe830:   4fffffff2fffffff 2fffffff2fffffff
0x0000007f748fe840:   00007ff84a067af8 0000019642c28d88
0x0000007f748fe850:   0000000000000002 2fffffff00000004
0x0000007f748fe860:   0000007f748fe880 00007ff8e6aa2437
0x0000007f748fe870:   000000002fffffff 00007ff849ea445a
0x0000007f748fe880:   4fffffff4fffffff 2fffffff4fffffff 

Instructions: (pc=0x00007ff849ea3f4b)
0x00007ff849ea3e4b:   48 8b cb ff 50 30 ff 43 14 48 c1 ef 04 eb 86 48
0x00007ff849ea3e5b:   8b 03 45 33 c0 33 d2 48 8b cb ff 50 48 ff 43 14
0x00007ff849ea3e6b:   48 c1 ef 04 e9 6c ff ff ff 48 8b 03 48 8b cb ff
0x00007ff849ea3e7b:   50 38 83 43 14 02 48 c1 ef 04 e9 56 ff ff ff 48
0x00007ff849ea3e8b:   8b 03 48 8b cb ff 50 10 ff 43 14 48 c1 ef 04 e9
0x00007ff849ea3e9b:   41 ff ff ff 48 8b 03 48 8b cb ff 50 18 83 43 14
0x00007ff849ea3eab:   02 48 c1 ef 04 e9 2b ff ff ff 48 8b 0d 54 28 3c
0x00007ff849ea3ebb:   00 48 8d 15 cd c8 21 00 e8 78 28 f3 ff 48 8b 0d
0x00007ff849ea3ecb:   41 28 3c 00 48 8d 15 d2 c8 21 00 4c 8b c6 e8 62
0x00007ff849ea3edb:   28 f3 ff ba cb 00 00 00 48 8d 0d 56 c8 21 00 e8
0x00007ff849ea3eeb:   71 37 b8 ff e8 bc 8b f2 ff 48 c1 ef 04 e9 e3 fe
0x00007ff849ea3efb:   ff ff 0f 1f 00 01 3e 6c 00 12 3e 6c 00 24 3e 6c
0x00007ff849ea3f0b:   00 36 3e 6c 00 48 3e 6c 00 74 3e 6c 00 8a 3e 6c
0x00007ff849ea3f1b:   00 9f 3e 6c 00 5a 3e 6c 00 b8 3d 6c 00 cc cc cc
0x00007ff849ea3f2b:   cc cc cc cc cc 40 53 48 83 ec 20 c7 41 10 00 00
0x00007ff849ea3f3b:   00 00 48 8b d9 48 89 7c 24 38 48 8b 79 08 33 c9
0x00007ff849ea3f4b:   80 7f 06 28 74 26 44 8d 49 28 8d 51 35 48 8d 0d
0x00007ff849ea3f5b:   e1 c7 21 00 4c 8d 05 ca c7 21 00 e8 75 35 b8 ff
0x00007ff849ea3f6b:   e8 40 8b f2 ff 8b 4b 10 48 8b 7b 08 8d 41 01 48
0x00007ff849ea3f7b:   63 c9 89 43 10 80 7c 39 07 29 0f 84 f3 00 00 00
0x00007ff849ea3f8b:   48 89 74 24 30 44 8b c0 48 8d 35 66 c0 93 ff 66
0x00007ff849ea3f9b:   0f 1f 44 00 00 4d 63 c8 41 0f be 4c 39 06 83 c1
0x00007ff849ea3fab:   be 83 f9 19 0f 87 96 00 00 00 48 63 c9 0f b6 8c
0x00007ff849ea3fbb:   0e 2c 41 6c 00 8b 94 8e 1c 41 6c 00 48 03 d6 ff
0x00007ff849ea3fcb:   e2 41 8d 40 01 89 43 10 e9 8c 00 00 00 0f 1f 84
0x00007ff849ea3fdb:   00 00 00 00 00 48 63 c8 ff c0 89 43 10 44 8b c0
0x00007ff849ea3feb:   80 7c 39 06 3b 75 ee eb 73 41 8d 40 01 89 43 10
0x00007ff849ea3ffb:   41 80 7c 39 07 5b 75 1c 0f 1f 40 00 66 0f 1f 84
0x00007ff849ea400b:   00 00 00 00 00 48 63 c8 ff c0 89 43 10 80 7c 39
0x00007ff849ea401b:   07 5b 74 f1 48 63 c8 80 7c 39 06 4c 75 1b 0f 1f
0x00007ff849ea402b:   80 00 00 00 00 48 63 c8 ff c0 89 43 10 44 8b c0
0x00007ff849ea403b:   80 7c 39 06 3b 75 ee eb 23 ff c0 89 43 10 eb 19 


Stack slot to memory mapping:
stack at sp + 0 slots: 0x0000007f748fe7f0 points into unknown readable memory: f8 7a 06 4a f8 7f 00 00
stack at sp + 1 slots: 0x00007ff8e6aa0d9e ucrtbase.dll
stack at sp + 2 slots: 0x00007ff8e6a90000 ucrtbase.dll
stack at sp + 3 slots: 0x00007ff849ea445a jvm.dll
stack at sp + 4 slots: 0x0 is NULL
stack at sp + 5 slots: 0x00007ff849b02cc3 jvm.dll
stack at sp + 6 slots: 0x0 is NULL
stack at sp + 7 slots: 0x0000007f748feeb0 points into unknown readable memory: 18 63 0a 4a f8 7f 00 00

VM_Operation (0x0000007f752ff4a0): GetOrSetLocal, mode: safepoint, requested by thread 0x0000019643de6800


---------------  P R O C E S S  ---------------

Threads class SMR info:
_java_thread_list=0x000001964d6d6730, length=21, elements={
0x000001961e25d800, 0x0000019642cfc000, 0x0000019642cfd800, 0x00000196435da000,
0x00000196435dc000, 0x0000019643582000, 0x000001964358c800, 0x000001964358f800,
0x0000019643580800, 0x0000019643de6800, 0x00000196438df800, 0x0000019643d38000,
0x0000019644497000, 0x0000019646282000, 0x000001964433d800, 0x00000196440ff800,
0x00000196440d1800, 0x0000019644809800, 0x0000019646920800, 0x000001964f66d000,
0x00000196466d3800
}

Java Threads: ( => current thread )
  0x000001961e25d800 JavaThread "main" [_thread_blocked, id=17096, stack(0x0000007f74200000,0x0000007f74300000)]
  0x0000019642cfc000 JavaThread "Reference Handler" daemon [_thread_blocked, id=19232, stack(0x0000007f74900000,0x0000007f74a00000)]
  0x0000019642cfd800 JavaThread "Finalizer" daemon [_thread_blocked, id=18616, stack(0x0000007f74a00000,0x0000007f74b00000)]
  0x00000196435da000 JavaThread "Signal Dispatcher" daemon [_thread_blocked, id=20056, stack(0x0000007f74b00000,0x0000007f74c00000)]
  0x00000196435dc000 JavaThread "Attach Listener" daemon [_thread_blocked, id=19140, stack(0x0000007f74c00000,0x0000007f74d00000)]
  0x0000019643582000 JavaThread "C2 CompilerThread0" daemon [_thread_blocked, id=20368, stack(0x0000007f74d00000,0x0000007f74e00000)]
  0x000001964358c800 JavaThread "C1 CompilerThread0" daemon [_thread_blocked, id=18736, stack(0x0000007f74e00000,0x0000007f74f00000)]
  0x000001964358f800 JavaThread "Sweeper thread" daemon [_thread_blocked, id=19564, stack(0x0000007f74f00000,0x0000007f75000000)]
  0x0000019643580800 JavaThread "Common-Cleaner" daemon [_thread_blocked, id=6040, stack(0x0000007f75000000,0x0000007f75100000)]
  0x0000019643de6800 JavaThread "JDWP Transport Listener: dt_socket" daemon [_thread_blocked, id=19376, stack(0x0000007f75200000,0x0000007f75300000)] _threads_hazard_ptr=0x000001964d6d6730
  0x00000196438df800 JavaThread "JDWP Event Helper Thread" daemon [_thread_blocked, id=16636, stack(0x0000007f75300000,0x0000007f75400000)]
  0x0000019643d38000 JavaThread "JDWP Command Reader" daemon [_thread_in_native, id=17184, stack(0x0000007f75400000,0x0000007f75500000)]
  0x0000019644497000 JavaThread "Service Thread" daemon [_thread_blocked, id=9300, stack(0x0000007f75500000,0x0000007f75600000)]
  0x0000019646282000 JavaThread "QuantumRenderer-0" daemon [_thread_blocked, id=7352, stack(0x0000007f75a00000,0x0000007f75b00000)]
  0x000001964433d800 JavaThread "InvokeLaterDispatcher" daemon [_thread_blocked, id=12924, stack(0x0000007f75c00000,0x0000007f75d00000)]
  0x00000196440ff800 JavaThread "JavaFX Application Thread" [_thread_blocked, id=19956, stack(0x0000007f75d00000,0x0000007f75e00000)]
  0x00000196440d1800 JavaThread "JavaFX-Launcher" [_thread_blocked, id=15412, stack(0x0000007f75f40000,0x0000007f76040000)]
  0x0000019644809800 JavaThread "Thread-2" daemon [_thread_blocked, id=20308, stack(0x0000007f75100000,0x0000007f75200000)]
  0x0000019646920800 JavaThread "Prism Font Disposer" daemon [_thread_blocked, id=4760, stack(0x0000007f76140000,0x0000007f76240000)]
  0x000001964f66d000 JavaThread "Cleaner-0" daemon [_thread_blocked, id=4112, stack(0x0000007f76640000,0x0000007f76740000)]
  0x00000196466d3800 JavaThread "Thread-4" [_thread_in_native, id=19180, stack(0x0000007f76040000,0x0000007f76140000)]

Other Threads:
=>0x0000019642cc6000 VMThread "VM Thread" [stack: 0x0000007f74800000,0x0000007f74900000] [id=15124]
  0x00000196443ea000 WatcherThread [stack: 0x0000007f75600000,0x0000007f75700000] [id=3128]
  0x000001961e276000 GCTaskThread "GC Thread#0" [stack: 0x0000007f74300000,0x0000007f74400000] [id=17216]
  0x0000019644676000 GCTaskThread "GC Thread#1" [stack: 0x0000007f75700000,0x0000007f75800000] [id=19832]
  0x0000019644677000 GCTaskThread "GC Thread#2" [stack: 0x0000007f75800000,0x0000007f75900000] [id=18380]
  0x0000019644160800 GCTaskThread "GC Thread#3" [stack: 0x0000007f75900000,0x0000007f75a00000] [id=14604]
  0x000001961e2d1800 ConcurrentGCThread "G1 Main Marker" [stack: 0x0000007f74400000,0x0000007f74500000] [id=8652]
  0x000001961e2d3800 ConcurrentGCThread "G1 Conc#0" [stack: 0x0000007f74500000,0x0000007f74600000] [id=20440]
  0x0000019642ba8800 ConcurrentGCThread "G1 Refine#0" [stack: 0x0000007f74600000,0x0000007f74700000] [id=18964]
  0x0000019642ba9800 ConcurrentGCThread "G1 Young RemSet Sampling" [stack: 0x0000007f74700000,0x0000007f74800000] [id=17312]

Threads with active compile tasks:

VM state:at safepoint (normal execution)

VM Mutex/Monitor currently owned by a thread:  ([mutex/lock_event])
[0x000001961e2597c0] Threads_lock - owner thread: 0x0000019642cc6000

Heap address: 0x0000000700a00000, size: 4086 MB, Compressed Oops mode: Zero based, Oop shift amount: 3
Narrow klass base: 0x0000000800000000, Narrow klass shift: 0
Compressed class space size: 1073741824 Address: 0x0000000800000000

Heap:
 garbage-first heap   total 262144K, used 60164K [0x0000000700a00000, 0x0000000800000000)
  region size 1024K, 10 young (10240K), 5 survivors (5120K)
 Metaspace       used 30765K, capacity 31906K, committed 32128K, reserved 1077248K
  class space    used 3516K, capacity 3957K, committed 3968K, reserved 1048576K
Heap Regions: E=young(eden), S=young(survivor), O=old, HS=humongous(starts), HC=humongous(continues), CS=collection set, F=free, A=archive, TAMS=top-at-mark-start (previous, next)
|   0|0x0000000700a00000, 0x0000000700b00000, 0x0000000700b00000|100%|HS|  |TAMS 0x0000000700b00000, 0x0000000700a00000| Complete 
|   1|0x0000000700b00000, 0x0000000700c00000, 0x0000000700c00000|100%|HC|  |TAMS 0x0000000700c00000, 0x0000000700b00000| Complete 
|   2|0x0000000700c00000, 0x0000000700d00000, 0x0000000700d00000|100%|HS|  |TAMS 0x0000000700c00000, 0x0000000700c00000| Complete 
|   3|0x0000000700d00000, 0x0000000700e00000, 0x0000000700e00000|100%|HC|  |TAMS 0x0000000700d00000, 0x0000000700d00000| Complete 
|   4|0x0000000700e00000, 0x0000000700f00000, 0x0000000700f00000|100%|HC|  |TAMS 0x0000000700e00000, 0x0000000700e00000| Complete 
|   5|0x0000000700f00000, 0x0000000701000000, 0x0000000701000000|100%|HC|  |TAMS 0x0000000700f00000, 0x0000000700f00000| Complete 
|   6|0x0000000701000000, 0x0000000701100000, 0x0000000701100000|100%|HS|  |TAMS 0x0000000701000000, 0x0000000701000000| Complete 
|   7|0x0000000701100000, 0x0000000701200000, 0x0000000701200000|100%|HS|  |TAMS 0x0000000701100000, 0x0000000701100000| Complete 
|   8|0x0000000701200000, 0x0000000701300000, 0x0000000701300000|100%|HC|  |TAMS 0x0000000701200000, 0x0000000701200000| Complete 
|   9|0x0000000701300000, 0x0000000701400000, 0x0000000701400000|100%|HS|  |TAMS 0x0000000701300000, 0x0000000701300000| Complete 
|  10|0x0000000701400000, 0x0000000701500000, 0x0000000701500000|100%|HC|  |TAMS 0x0000000701400000, 0x0000000701400000| Complete 
|  11|0x0000000701500000, 0x0000000701600000, 0x0000000701600000|100%|HC|  |TAMS 0x0000000701500000, 0x0000000701500000| Complete 
|  12|0x0000000701600000, 0x0000000701700000, 0x0000000701700000|100%|HC|  |TAMS 0x0000000701600000, 0x0000000701600000| Complete 
|  13|0x0000000701700000, 0x0000000701800000, 0x0000000701800000|100%|HS|  |TAMS 0x0000000701700000, 0x0000000701700000| Complete 
|  14|0x0000000701800000, 0x0000000701900000, 0x0000000701900000|100%|HC|  |TAMS 0x0000000701800000, 0x0000000701800000| Complete 
|  15|0x0000000701900000, 0x0000000701a00000, 0x0000000701a00000|100%|HS|  |TAMS 0x0000000701900000, 0x0000000701900000| Complete 
|  16|0x0000000701a00000, 0x0000000701b00000, 0x0000000701b00000|100%|HC|  |TAMS 0x0000000701a00000, 0x0000000701a00000| Complete 
|  17|0x0000000701b00000, 0x0000000701c00000, 0x0000000701c00000|100%|HS|  |TAMS 0x0000000701b00000, 0x0000000701b00000| Complete 
|  18|0x0000000701c00000, 0x0000000701d00000, 0x0000000701d00000|100%|HC|  |TAMS 0x0000000701c00000, 0x0000000701c00000| Complete 
|  19|0x0000000701d00000, 0x0000000701e00000, 0x0000000701e00000|100%|HS|  |TAMS 0x0000000701d00000, 0x0000000701d00000| Complete 
|  20|0x0000000701e00000, 0x0000000701f00000, 0x0000000701f00000|100%|HC|  |TAMS 0x0000000701e00000, 0x0000000701e00000| Complete 
|  21|0x0000000701f00000, 0x0000000702000000, 0x0000000702000000|100%|HS|  |TAMS 0x0000000701f00000, 0x0000000701f00000| Complete 
|  22|0x0000000702000000, 0x0000000702100000, 0x0000000702100000|100%|HC|  |TAMS 0x0000000702000000, 0x0000000702000000| Complete 
|  23|0x0000000702100000, 0x0000000702200000, 0x0000000702200000|100%|HC|  |TAMS 0x0000000702100000, 0x0000000702100000| Complete 
|  24|0x0000000702200000, 0x0000000702300000, 0x0000000702300000|100%|HS|  |TAMS 0x0000000702200000, 0x0000000702200000| Complete 
|  25|0x0000000702300000, 0x0000000702400000, 0x0000000702400000|100%|HC|  |TAMS 0x0000000702300000, 0x0000000702300000| Complete 
|  26|0x0000000702400000, 0x0000000702500000, 0x0000000702500000|100%|HS|  |TAMS 0x0000000702400000, 0x0000000702400000| Complete 
|  27|0x0000000702500000, 0x0000000702600000, 0x0000000702600000|100%|HC|  |TAMS 0x0000000702500000, 0x0000000702500000| Complete 
|  28|0x0000000702600000, 0x0000000702700000, 0x0000000702700000|100%|HC|  |TAMS 0x0000000702600000, 0x0000000702600000| Complete 
|  29|0x0000000702700000, 0x0000000702800000, 0x0000000702800000|100%|HC|  |TAMS 0x0000000702700000, 0x0000000702700000| Complete 
|  30|0x0000000702800000, 0x0000000702900000, 0x0000000702900000|100%|HC|  |TAMS 0x0000000702800000, 0x0000000702800000| Complete 
|  31|0x0000000702900000, 0x0000000702a00000, 0x0000000702a00000|100%|HC|  |TAMS 0x0000000702900000, 0x0000000702900000| Complete 
|  32|0x0000000702a00000, 0x0000000702b00000, 0x0000000702b00000|100%|HC|  |TAMS 0x0000000702a00000, 0x0000000702a00000| Complete 
|  33|0x0000000702b00000, 0x0000000702c00000, 0x0000000702c00000|100%|HC|  |TAMS 0x0000000702b00000, 0x0000000702b00000| Complete 
|  34|0x0000000702c00000, 0x0000000702d00000, 0x0000000702d00000|100%|HC|  |TAMS 0x0000000702c00000, 0x0000000702c00000| Complete 
|  35|0x0000000702d00000, 0x0000000702d00000, 0x0000000702e00000|  0%| F|  |TAMS 0x0000000702d00000, 0x0000000702d00000| Untracked 
|  36|0x0000000702e00000, 0x0000000702e00000, 0x0000000702f00000|  0%| F|  |TAMS 0x0000000702e00000, 0x0000000702e00000| Untracked 
|  37|0x0000000702f00000, 0x0000000702f00000, 0x0000000703000000|  0%| F|  |TAMS 0x0000000702f00000, 0x0000000702f00000| Untracked 
|  38|0x0000000703000000, 0x0000000703000000, 0x0000000703100000|  0%| F|  |TAMS 0x0000000703000000, 0x0000000703000000| Untracked 
|  39|0x0000000703100000, 0x0000000703100000, 0x0000000703200000|  0%| F|  |TAMS 0x0000000703100000, 0x0000000703100000| Untracked 
|  40|0x0000000703200000, 0x0000000703200000, 0x0000000703300000|  0%| F|  |TAMS 0x0000000703200000, 0x0000000703200000| Untracked 
|  41|0x0000000703300000, 0x0000000703300000, 0x0000000703400000|  0%| F|  |TAMS 0x0000000703300000, 0x0000000703300000| Untracked 
|  42|0x0000000703400000, 0x0000000703400000, 0x0000000703500000|  0%| F|  |TAMS 0x0000000703400000, 0x0000000703400000| Untracked 
|  43|0x0000000703500000, 0x0000000703500000, 0x0000000703600000|  0%| F|  |TAMS 0x0000000703500000, 0x0000000703500000| Untracked 
|  44|0x0000000703600000, 0x0000000703600000, 0x0000000703700000|  0%| F|  |TAMS 0x0000000703600000, 0x0000000703600000| Untracked 
|  45|0x0000000703700000, 0x0000000703700000, 0x0000000703800000|  0%| F|  |TAMS 0x0000000703700000, 0x0000000703700000| Untracked 
|  46|0x0000000703800000, 0x0000000703800000, 0x0000000703900000|  0%| F|  |TAMS 0x0000000703800000, 0x0000000703800000| Untracked 
|  47|0x0000000703900000, 0x0000000703900000, 0x0000000703a00000|  0%| F|  |TAMS 0x0000000703900000, 0x0000000703900000| Untracked 
|  48|0x0000000703a00000, 0x0000000703a00000, 0x0000000703b00000|  0%| F|  |TAMS 0x0000000703a00000, 0x0000000703a00000| Untracked 
|  49|0x0000000703b00000, 0x0000000703b00000, 0x0000000703c00000|  0%| F|  |TAMS 0x0000000703b00000, 0x0000000703b00000| Untracked 
|  50|0x0000000703c00000, 0x0000000703c00000, 0x0000000703d00000|  0%| F|  |TAMS 0x0000000703c00000, 0x0000000703c00000| Untracked 
|  51|0x0000000703d00000, 0x0000000703d00000, 0x0000000703e00000|  0%| F|  |TAMS 0x0000000703d00000, 0x0000000703d00000| Untracked 
|  52|0x0000000703e00000, 0x0000000703e00000, 0x0000000703f00000|  0%| F|  |TAMS 0x0000000703e00000, 0x0000000703e00000| Untracked 
|  53|0x0000000703f00000, 0x0000000703f00000, 0x0000000704000000|  0%| F|  |TAMS 0x0000000703f00000, 0x0000000703f00000| Untracked 
|  54|0x0000000704000000, 0x0000000704000000, 0x0000000704100000|  0%| F|  |TAMS 0x0000000704000000, 0x0000000704000000| Untracked 
|  55|0x0000000704100000, 0x0000000704100000, 0x0000000704200000|  0%| F|  |TAMS 0x0000000704100000, 0x0000000704100000| Untracked 
|  56|0x0000000704200000, 0x0000000704200000, 0x0000000704300000|  0%| F|  |TAMS 0x0000000704200000, 0x0000000704200000| Untracked 
|  57|0x0000000704300000, 0x0000000704300000, 0x0000000704400000|  0%| F|  |TAMS 0x0000000704300000, 0x0000000704300000| Untracked 
|  58|0x0000000704400000, 0x0000000704400000, 0x0000000704500000|  0%| F|  |TAMS 0x0000000704400000, 0x0000000704400000| Untracked 
|  59|0x0000000704500000, 0x0000000704500000, 0x0000000704600000|  0%| F|  |TAMS 0x0000000704500000, 0x0000000704500000| Untracked 
|  60|0x0000000704600000, 0x0000000704600000, 0x0000000704700000|  0%| F|  |TAMS 0x0000000704600000, 0x0000000704600000| Untracked 
|  61|0x0000000704700000, 0x0000000704700000, 0x0000000704800000|  0%| F|  |TAMS 0x0000000704700000, 0x0000000704700000| Untracked 
|  62|0x0000000704800000, 0x0000000704800000, 0x0000000704900000|  0%| F|  |TAMS 0x0000000704800000, 0x0000000704800000| Untracked 
|  63|0x0000000704900000, 0x0000000704900000, 0x0000000704a00000|  0%| F|  |TAMS 0x0000000704900000, 0x0000000704900000| Untracked 
|  64|0x0000000704a00000, 0x0000000704a00000, 0x0000000704b00000|  0%| F|  |TAMS 0x0000000704a00000, 0x0000000704a00000| Untracked 
|  65|0x0000000704b00000, 0x0000000704b00000, 0x0000000704c00000|  0%| F|  |TAMS 0x0000000704b00000, 0x0000000704b00000| Untracked 
|  66|0x0000000704c00000, 0x0000000704c00000, 0x0000000704d00000|  0%| F|  |TAMS 0x0000000704c00000, 0x0000000704c00000| Untracked 
|  67|0x0000000704d00000, 0x0000000704d00000, 0x0000000704e00000|  0%| F|  |TAMS 0x0000000704d00000, 0x0000000704d00000| Untracked 
|  68|0x0000000704e00000, 0x0000000704e00000, 0x0000000704f00000|  0%| F|  |TAMS 0x0000000704e00000, 0x0000000704e00000| Untracked 
|  69|0x0000000704f00000, 0x0000000704f00000, 0x0000000705000000|  0%| F|  |TAMS 0x0000000704f00000, 0x0000000704f00000| Untracked 
|  70|0x0000000705000000, 0x0000000705000000, 0x0000000705100000|  0%| F|  |TAMS 0x0000000705000000, 0x0000000705000000| Untracked 
|  71|0x0000000705100000, 0x0000000705100000, 0x0000000705200000|  0%| F|  |TAMS 0x0000000705100000, 0x0000000705100000| Untracked 
|  72|0x0000000705200000, 0x0000000705300000, 0x0000000705300000|100%|HS|  |TAMS 0x0000000705300000, 0x0000000705200000| Complete 
|  73|0x0000000705300000, 0x0000000705400000, 0x0000000705400000|100%|HC|  |TAMS 0x0000000705400000, 0x0000000705300000| Complete 
|  74|0x0000000705400000, 0x0000000705500000, 0x0000000705500000|100%|HC|  |TAMS 0x0000000705500000, 0x0000000705400000| Complete 
|  75|0x0000000705500000, 0x0000000705600000, 0x0000000705600000|100%|HC|  |TAMS 0x0000000705600000, 0x0000000705500000| Complete 
|  76|0x0000000705600000, 0x0000000705700000, 0x0000000705700000|100%|HS|  |TAMS 0x0000000705700000, 0x0000000705600000| Complete 
|  77|0x0000000705700000, 0x0000000705800000, 0x0000000705800000|100%|HC|  |TAMS 0x0000000705800000, 0x0000000705700000| Complete 
|  78|0x0000000705800000, 0x0000000705900000, 0x0000000705900000|100%|HS|  |TAMS 0x0000000705900000, 0x0000000705800000| Complete 
|  79|0x0000000705900000, 0x0000000705a00000, 0x0000000705a00000|100%|HS|  |TAMS 0x0000000705a00000, 0x0000000705900000| Complete 
|  80|0x0000000705a00000, 0x0000000705b00000, 0x0000000705b00000|100%|HC|  |TAMS 0x0000000705b00000, 0x0000000705a00000| Complete 
|  81|0x0000000705b00000, 0x0000000705b00000, 0x0000000705c00000|  0%| F|  |TAMS 0x0000000705b00000, 0x0000000705b00000| Untracked 
|  82|0x0000000705c00000, 0x0000000705c00000, 0x0000000705d00000|  0%| F|  |TAMS 0x0000000705c00000, 0x0000000705c00000| Untracked 
|  83|0x0000000705d00000, 0x0000000705d00000, 0x0000000705e00000|  0%| F|  |TAMS 0x0000000705d00000, 0x0000000705d00000| Untracked 
|  84|0x0000000705e00000, 0x0000000705e00000, 0x0000000705f00000|  0%| F|  |TAMS 0x0000000705e00000, 0x0000000705e00000| Untracked 
|  85|0x0000000705f00000, 0x0000000705f00000, 0x0000000706000000|  0%| F|  |TAMS 0x0000000705f00000, 0x0000000705f00000| Untracked 
|  86|0x0000000706000000, 0x0000000706000000, 0x0000000706100000|  0%| F|  |TAMS 0x0000000706000000, 0x0000000706000000| Untracked 
|  87|0x0000000706100000, 0x0000000706100000, 0x0000000706200000|  0%| F|  |TAMS 0x0000000706100000, 0x0000000706100000| Untracked 
|  88|0x0000000706200000, 0x0000000706200000, 0x0000000706300000|  0%| F|  |TAMS 0x0000000706200000, 0x0000000706200000| Untracked 
|  89|0x0000000706300000, 0x0000000706300000, 0x0000000706400000|  0%| F|  |TAMS 0x0000000706300000, 0x0000000706300000| Untracked 
|  90|0x0000000706400000, 0x0000000706400000, 0x0000000706500000|  0%| F|  |TAMS 0x0000000706400000, 0x0000000706400000| Untracked 
|  91|0x0000000706500000, 0x0000000706500000, 0x0000000706600000|  0%| F|  |TAMS 0x0000000706500000, 0x0000000706500000| Untracked 
|  92|0x0000000706600000, 0x0000000706600000, 0x0000000706700000|  0%| F|  |TAMS 0x0000000706600000, 0x0000000706600000| Untracked 
|  93|0x0000000706700000, 0x0000000706700000, 0x0000000706800000|  0%| F|  |TAMS 0x0000000706700000, 0x0000000706700000| Untracked 
|  94|0x0000000706800000, 0x0000000706800000, 0x0000000706900000|  0%| F|  |TAMS 0x0000000706800000, 0x0000000706800000| Untracked 
|  95|0x0000000706900000, 0x0000000706900000, 0x0000000706a00000|  0%| F|  |TAMS 0x0000000706900000, 0x0000000706900000| Untracked 
|  96|0x0000000706a00000, 0x0000000706b00000, 0x0000000706b00000|100%| O|  |TAMS 0x0000000706b00000, 0x0000000706a00000| Untracked 
|  97|0x0000000706b00000, 0x0000000706c00000, 0x0000000706c00000|100%| O|  |TAMS 0x0000000706c00000, 0x0000000706b00000| Untracked 
|  98|0x0000000706c00000, 0x0000000706d00000, 0x0000000706d00000|100%| O|  |TAMS 0x0000000706d00000, 0x0000000706c00000| Untracked 
|  99|0x0000000706d00000, 0x0000000706de8c00, 0x0000000706e00000| 90%| O|  |TAMS 0x0000000706de8c00, 0x0000000706d00000| Untracked 
| 100|0x0000000706e00000, 0x0000000706e00000, 0x0000000706f00000|  0%| F|  |TAMS 0x0000000706e00000, 0x0000000706e00000| Untracked 
| 101|0x0000000706f00000, 0x0000000706f00000, 0x0000000707000000|  0%| F|  |TAMS 0x0000000706f00000, 0x0000000706f00000| Untracked 
| 102|0x0000000707000000, 0x0000000707000000, 0x0000000707100000|  0%| F|  |TAMS 0x0000000707000000, 0x0000000707000000| Untracked 
| 103|0x0000000707100000, 0x0000000707100000, 0x0000000707200000|  0%| F|  |TAMS 0x0000000707100000, 0x0000000707100000| Untracked 
| 104|0x0000000707200000, 0x0000000707200000, 0x0000000707300000|  0%| F|  |TAMS 0x0000000707200000, 0x0000000707200000| Untracked 
| 105|0x0000000707300000, 0x0000000707300000, 0x0000000707400000|  0%| F|  |TAMS 0x0000000707300000, 0x0000000707300000| Untracked 
| 106|0x0000000707400000, 0x0000000707400000, 0x0000000707500000|  0%| F|  |TAMS 0x0000000707400000, 0x0000000707400000| Untracked 
| 107|0x0000000707500000, 0x0000000707500000, 0x0000000707600000|  0%| F|  |TAMS 0x0000000707500000, 0x0000000707500000| Untracked 
| 108|0x0000000707600000, 0x0000000707600000, 0x0000000707700000|  0%| F|  |TAMS 0x0000000707600000, 0x0000000707600000| Untracked 
| 109|0x0000000707700000, 0x0000000707700000, 0x0000000707800000|  0%| F|  |TAMS 0x0000000707700000, 0x0000000707700000| Untracked 
| 110|0x0000000707800000, 0x0000000707800000, 0x0000000707900000|  0%| F|  |TAMS 0x0000000707800000, 0x0000000707800000| Untracked 
| 111|0x0000000707900000, 0x0000000707900000, 0x0000000707a00000|  0%| F|  |TAMS 0x0000000707900000, 0x0000000707900000| Untracked 
| 112|0x0000000707a00000, 0x0000000707a00000, 0x0000000707b00000|  0%| F|  |TAMS 0x0000000707a00000, 0x0000000707a00000| Untracked 
| 113|0x0000000707b00000, 0x0000000707b00000, 0x0000000707c00000|  0%| F|  |TAMS 0x0000000707b00000, 0x0000000707b00000| Untracked 
| 114|0x0000000707c00000, 0x0000000707c00000, 0x0000000707d00000|  0%| F|  |TAMS 0x0000000707c00000, 0x0000000707c00000| Untracked 
| 115|0x0000000707d00000, 0x0000000707e00000, 0x0000000707e00000|100%| O|  |TAMS 0x0000000707e00000, 0x0000000707d00000| Untracked 
| 116|0x0000000707e00000, 0x0000000707f00000, 0x0000000707f00000|100%| O|  |TAMS 0x0000000707f00000, 0x0000000707e00000| Untracked 
| 117|0x0000000707f00000, 0x0000000707f00000, 0x0000000708000000|  0%| F|  |TAMS 0x0000000707f00000, 0x0000000707f00000| Untracked 
| 118|0x0000000708000000, 0x0000000708000000, 0x0000000708100000|  0%| F|  |TAMS 0x0000000708000000, 0x0000000708000000| Untracked 
| 119|0x0000000708100000, 0x0000000708100000, 0x0000000708200000|  0%| F|  |TAMS 0x0000000708100000, 0x0000000708100000| Untracked 
| 120|0x0000000708200000, 0x0000000708200000, 0x0000000708300000|  0%| F|  |TAMS 0x0000000708200000, 0x0000000708200000| Untracked 
| 121|0x0000000708300000, 0x0000000708300000, 0x0000000708400000|  0%| F|  |TAMS 0x0000000708300000, 0x0000000708300000| Untracked 
| 122|0x0000000708400000, 0x0000000708400000, 0x0000000708500000|  0%| F|  |TAMS 0x0000000708400000, 0x0000000708400000| Untracked 
| 123|0x0000000708500000, 0x0000000708500000, 0x0000000708600000|  0%| F|  |TAMS 0x0000000708500000, 0x0000000708500000| Untracked 
| 124|0x0000000708600000, 0x0000000708600000, 0x0000000708700000|  0%| F|  |TAMS 0x0000000708600000, 0x0000000708600000| Untracked 
| 125|0x0000000708700000, 0x0000000708700000, 0x0000000708800000|  0%| F|  |TAMS 0x0000000708700000, 0x0000000708700000| Untracked 
| 126|0x0000000708800000, 0x0000000708800000, 0x0000000708900000|  0%| F|  |TAMS 0x0000000708800000, 0x0000000708800000| Untracked 
| 127|0x0000000708900000, 0x0000000708900000, 0x0000000708a00000|  0%| F|  |TAMS 0x0000000708900000, 0x0000000708900000| Untracked 
| 128|0x0000000708a00000, 0x0000000708a00000, 0x0000000708b00000|  0%| F|  |TAMS 0x0000000708a00000, 0x0000000708a00000| Untracked 
| 129|0x0000000708b00000, 0x0000000708b00000, 0x0000000708c00000|  0%| F|  |TAMS 0x0000000708b00000, 0x0000000708b00000| Untracked 
| 130|0x0000000708c00000, 0x0000000708c00000, 0x0000000708d00000|  0%| F|  |TAMS 0x0000000708c00000, 0x0000000708c00000| Untracked 
| 131|0x0000000708d00000, 0x0000000708d00000, 0x0000000708e00000|  0%| F|  |TAMS 0x0000000708d00000, 0x0000000708d00000| Untracked 
| 132|0x0000000708e00000, 0x0000000708e00000, 0x0000000708f00000|  0%| F|  |TAMS 0x0000000708e00000, 0x0000000708e00000| Untracked 
| 133|0x0000000708f00000, 0x0000000708f00000, 0x0000000709000000|  0%| F|  |TAMS 0x0000000708f00000, 0x0000000708f00000| Untracked 
| 134|0x0000000709000000, 0x0000000709000000, 0x0000000709100000|  0%| F|  |TAMS 0x0000000709000000, 0x0000000709000000| Untracked 
| 135|0x0000000709100000, 0x0000000709100000, 0x0000000709200000|  0%| F|  |TAMS 0x0000000709100000, 0x0000000709100000| Untracked 
| 136|0x0000000709200000, 0x0000000709200000, 0x0000000709300000|  0%| F|  |TAMS 0x0000000709200000, 0x0000000709200000| Untracked 
| 137|0x0000000709300000, 0x0000000709300000, 0x0000000709400000|  0%| F|  |TAMS 0x0000000709300000, 0x0000000709300000| Untracked 
| 138|0x0000000709400000, 0x0000000709400000, 0x0000000709500000|  0%| F|  |TAMS 0x0000000709400000, 0x0000000709400000| Untracked 
| 139|0x0000000709500000, 0x0000000709500000, 0x0000000709600000|  0%| F|  |TAMS 0x0000000709500000, 0x0000000709500000| Untracked 
| 140|0x0000000709600000, 0x0000000709600000, 0x0000000709700000|  0%| F|  |TAMS 0x0000000709600000, 0x0000000709600000| Untracked 
| 141|0x0000000709700000, 0x0000000709700000, 0x0000000709800000|  0%| F|  |TAMS 0x0000000709700000, 0x0000000709700000| Untracked 
| 142|0x0000000709800000, 0x0000000709800000, 0x0000000709900000|  0%| F|  |TAMS 0x0000000709800000, 0x0000000709800000| Untracked 
| 143|0x0000000709900000, 0x0000000709900000, 0x0000000709a00000|  0%| F|  |TAMS 0x0000000709900000, 0x0000000709900000| Untracked 
| 144|0x0000000709a00000, 0x0000000709a00000, 0x0000000709b00000|  0%| F|  |TAMS 0x0000000709a00000, 0x0000000709a00000| Untracked 
| 145|0x0000000709b00000, 0x0000000709b00000, 0x0000000709c00000|  0%| F|  |TAMS 0x0000000709b00000, 0x0000000709b00000| Untracked 
| 146|0x0000000709c00000, 0x0000000709c00000, 0x0000000709d00000|  0%| F|  |TAMS 0x0000000709c00000, 0x0000000709c00000| Untracked 
| 147|0x0000000709d00000, 0x0000000709d00000, 0x0000000709e00000|  0%| F|  |TAMS 0x0000000709d00000, 0x0000000709d00000| Untracked 
| 148|0x0000000709e00000, 0x0000000709e00000, 0x0000000709f00000|  0%| F|  |TAMS 0x0000000709e00000, 0x0000000709e00000| Untracked 
| 149|0x0000000709f00000, 0x0000000709f00000, 0x000000070a000000|  0%| F|  |TAMS 0x0000000709f00000, 0x0000000709f00000| Untracked 
| 150|0x000000070a000000, 0x000000070a000000, 0x000000070a100000|  0%| F|  |TAMS 0x000000070a000000, 0x000000070a000000| Untracked 
| 151|0x000000070a100000, 0x000000070a100000, 0x000000070a200000|  0%| F|  |TAMS 0x000000070a100000, 0x000000070a100000| Untracked 
| 152|0x000000070a200000, 0x000000070a200000, 0x000000070a300000|  0%| F|  |TAMS 0x000000070a200000, 0x000000070a200000| Untracked 
| 153|0x000000070a300000, 0x000000070a300000, 0x000000070a400000|  0%| F|  |TAMS 0x000000070a300000, 0x000000070a300000| Untracked 
| 154|0x000000070a400000, 0x000000070a400000, 0x000000070a500000|  0%| F|  |TAMS 0x000000070a400000, 0x000000070a400000| Untracked 
| 155|0x000000070a500000, 0x000000070a500000, 0x000000070a600000|  0%| F|  |TAMS 0x000000070a500000, 0x000000070a500000| Untracked 
| 156|0x000000070a600000, 0x000000070a600000, 0x000000070a700000|  0%| F|  |TAMS 0x000000070a600000, 0x000000070a600000| Untracked 
| 157|0x000000070a700000, 0x000000070a700000, 0x000000070a800000|  0%| F|  |TAMS 0x000000070a700000, 0x000000070a700000| Untracked 
| 158|0x000000070a800000, 0x000000070a800000, 0x000000070a900000|  0%| F|  |TAMS 0x000000070a800000, 0x000000070a800000| Untracked 
| 159|0x000000070a900000, 0x000000070a900000, 0x000000070aa00000|  0%| F|  |TAMS 0x000000070a900000, 0x000000070a900000| Untracked 
| 160|0x000000070aa00000, 0x000000070aa00000, 0x000000070ab00000|  0%| F|  |TAMS 0x000000070aa00000, 0x000000070aa00000| Untracked 
| 161|0x000000070ab00000, 0x000000070ab00000, 0x000000070ac00000|  0%| F|  |TAMS 0x000000070ab00000, 0x000000070ab00000| Untracked 
| 162|0x000000070ac00000, 0x000000070ac00000, 0x000000070ad00000|  0%| F|  |TAMS 0x000000070ac00000, 0x000000070ac00000| Untracked 
| 163|0x000000070ad00000, 0x000000070ad00000, 0x000000070ae00000|  0%| F|  |TAMS 0x000000070ad00000, 0x000000070ad00000| Untracked 
| 164|0x000000070ae00000, 0x000000070ae00000, 0x000000070af00000|  0%| F|  |TAMS 0x000000070ae00000, 0x000000070ae00000| Untracked 
| 165|0x000000070af00000, 0x000000070af00000, 0x000000070b000000|  0%| F|  |TAMS 0x000000070af00000, 0x000000070af00000| Untracked 
| 166|0x000000070b000000, 0x000000070b000000, 0x000000070b100000|  0%| F|  |TAMS 0x000000070b000000, 0x000000070b000000| Untracked 
| 167|0x000000070b100000, 0x000000070b100000, 0x000000070b200000|  0%| F|  |TAMS 0x000000070b100000, 0x000000070b100000| Untracked 
| 168|0x000000070b200000, 0x000000070b200000, 0x000000070b300000|  0%| F|  |TAMS 0x000000070b200000, 0x000000070b200000| Untracked 
| 169|0x000000070b300000, 0x000000070b300000, 0x000000070b400000|  0%| F|  |TAMS 0x000000070b300000, 0x000000070b300000| Untracked 
| 170|0x000000070b400000, 0x000000070b400000, 0x000000070b500000|  0%| F|  |TAMS 0x000000070b400000, 0x000000070b400000| Untracked 
| 171|0x000000070b500000, 0x000000070b500000, 0x000000070b600000|  0%| F|  |TAMS 0x000000070b500000, 0x000000070b500000| Untracked 
| 172|0x000000070b600000, 0x000000070b600000, 0x000000070b700000|  0%| F|  |TAMS 0x000000070b600000, 0x000000070b600000| Untracked 
| 173|0x000000070b700000, 0x000000070b700000, 0x000000070b800000|  0%| F|  |TAMS 0x000000070b700000, 0x000000070b700000| Untracked 
| 174|0x000000070b800000, 0x000000070b800000, 0x000000070b900000|  0%| F|  |TAMS 0x000000070b800000, 0x000000070b800000| Untracked 
| 175|0x000000070b900000, 0x000000070b900000, 0x000000070ba00000|  0%| F|  |TAMS 0x000000070b900000, 0x000000070b900000| Untracked 
| 176|0x000000070ba00000, 0x000000070ba00000, 0x000000070bb00000|  0%| F|  |TAMS 0x000000070ba00000, 0x000000070ba00000| Untracked 
| 177|0x000000070bb00000, 0x000000070bb00000, 0x000000070bc00000|  0%| F|  |TAMS 0x000000070bb00000, 0x000000070bb00000| Untracked 
| 178|0x000000070bc00000, 0x000000070bc00000, 0x000000070bd00000|  0%| F|  |TAMS 0x000000070bc00000, 0x000000070bc00000| Untracked 
| 179|0x000000070bd00000, 0x000000070bd00000, 0x000000070be00000|  0%| F|  |TAMS 0x000000070bd00000, 0x000000070bd00000| Untracked 
| 180|0x000000070be00000, 0x000000070be00000, 0x000000070bf00000|  0%| F|  |TAMS 0x000000070be00000, 0x000000070be00000| Untracked 
| 181|0x000000070bf00000, 0x000000070bf00000, 0x000000070c000000|  0%| F|  |TAMS 0x000000070bf00000, 0x000000070bf00000| Untracked 
| 182|0x000000070c000000, 0x000000070c000000, 0x000000070c100000|  0%| F|  |TAMS 0x000000070c000000, 0x000000070c000000| Untracked 
| 183|0x000000070c100000, 0x000000070c100000, 0x000000070c200000|  0%| F|  |TAMS 0x000000070c100000, 0x000000070c100000| Untracked 
| 184|0x000000070c200000, 0x000000070c200000, 0x000000070c300000|  0%| F|  |TAMS 0x000000070c200000, 0x000000070c200000| Untracked 
| 185|0x000000070c300000, 0x000000070c300000, 0x000000070c400000|  0%| F|  |TAMS 0x000000070c300000, 0x000000070c300000| Untracked 
| 186|0x000000070c400000, 0x000000070c400000, 0x000000070c500000|  0%| F|  |TAMS 0x000000070c400000, 0x000000070c400000| Untracked 
| 187|0x000000070c500000, 0x000000070c500000, 0x000000070c600000|  0%| F|  |TAMS 0x000000070c500000, 0x000000070c500000| Untracked 
| 188|0x000000070c600000, 0x000000070c600000, 0x000000070c700000|  0%| F|  |TAMS 0x000000070c600000, 0x000000070c600000| Untracked 
| 189|0x000000070c700000, 0x000000070c700000, 0x000000070c800000|  0%| F|  |TAMS 0x000000070c700000, 0x000000070c700000| Untracked 
| 190|0x000000070c800000, 0x000000070c800000, 0x000000070c900000|  0%| F|  |TAMS 0x000000070c800000, 0x000000070c800000| Untracked 
| 191|0x000000070c900000, 0x000000070c900000, 0x000000070ca00000|  0%| F|  |TAMS 0x000000070c900000, 0x000000070c900000| Untracked 
| 192|0x000000070ca00000, 0x000000070ca00000, 0x000000070cb00000|  0%| F|  |TAMS 0x000000070ca00000, 0x000000070ca00000| Untracked 
| 193|0x000000070cb00000, 0x000000070cb00000, 0x000000070cc00000|  0%| F|  |TAMS 0x000000070cb00000, 0x000000070cb00000| Untracked 
| 194|0x000000070cc00000, 0x000000070cc00000, 0x000000070cd00000|  0%| F|  |TAMS 0x000000070cc00000, 0x000000070cc00000| Untracked 
| 195|0x000000070cd00000, 0x000000070cd00000, 0x000000070ce00000|  0%| F|  |TAMS 0x000000070cd00000, 0x000000070cd00000| Untracked 
| 196|0x000000070ce00000, 0x000000070ce00000, 0x000000070cf00000|  0%| F|  |TAMS 0x000000070ce00000, 0x000000070ce00000| Untracked 
| 197|0x000000070cf00000, 0x000000070cf00000, 0x000000070d000000|  0%| F|  |TAMS 0x000000070cf00000, 0x000000070cf00000| Untracked 
| 198|0x000000070d000000, 0x000000070d000000, 0x000000070d100000|  0%| F|  |TAMS 0x000000070d000000, 0x000000070d000000| Untracked 
| 199|0x000000070d100000, 0x000000070d100000, 0x000000070d200000|  0%| F|  |TAMS 0x000000070d100000, 0x000000070d100000| Untracked 
| 200|0x000000070d200000, 0x000000070d200000, 0x000000070d300000|  0%| F|  |TAMS 0x000000070d200000, 0x000000070d200000| Untracked 
| 201|0x000000070d300000, 0x000000070d300000, 0x000000070d400000|  0%| F|  |TAMS 0x000000070d300000, 0x000000070d300000| Untracked 
| 202|0x000000070d400000, 0x000000070d400000, 0x000000070d500000|  0%| F|  |TAMS 0x000000070d400000, 0x000000070d400000| Untracked 
| 203|0x000000070d500000, 0x000000070d500000, 0x000000070d600000|  0%| F|  |TAMS 0x000000070d500000, 0x000000070d500000| Untracked 
| 204|0x000000070d600000, 0x000000070d600000, 0x000000070d700000|  0%| F|  |TAMS 0x000000070d600000, 0x000000070d600000| Untracked 
| 205|0x000000070d700000, 0x000000070d700000, 0x000000070d800000|  0%| F|  |TAMS 0x000000070d700000, 0x000000070d700000| Untracked 
| 206|0x000000070d800000, 0x000000070d800000, 0x000000070d900000|  0%| F|  |TAMS 0x000000070d800000, 0x000000070d800000| Untracked 
| 207|0x000000070d900000, 0x000000070d900000, 0x000000070da00000|  0%| F|  |TAMS 0x000000070d900000, 0x000000070d900000| Untracked 
| 208|0x000000070da00000, 0x000000070da00000, 0x000000070db00000|  0%| F|  |TAMS 0x000000070da00000, 0x000000070da00000| Untracked 
| 209|0x000000070db00000, 0x000000070db00000, 0x000000070dc00000|  0%| F|  |TAMS 0x000000070db00000, 0x000000070db00000| Untracked 
| 210|0x000000070dc00000, 0x000000070dc00000, 0x000000070dd00000|  0%| F|  |TAMS 0x000000070dc00000, 0x000000070dc00000| Untracked 
| 211|0x000000070dd00000, 0x000000070dd00000, 0x000000070de00000|  0%| F|  |TAMS 0x000000070dd00000, 0x000000070dd00000| Untracked 
| 212|0x000000070de00000, 0x000000070de00000, 0x000000070df00000|  0%| F|  |TAMS 0x000000070de00000, 0x000000070de00000| Untracked 
| 213|0x000000070df00000, 0x000000070df00000, 0x000000070e000000|  0%| F|  |TAMS 0x000000070df00000, 0x000000070df00000| Untracked 
| 214|0x000000070e000000, 0x000000070e000000, 0x000000070e100000|  0%| F|  |TAMS 0x000000070e000000, 0x000000070e000000| Untracked 
| 215|0x000000070e100000, 0x000000070e100000, 0x000000070e200000|  0%| F|  |TAMS 0x000000070e100000, 0x000000070e100000| Untracked 
| 216|0x000000070e200000, 0x000000070e200000, 0x000000070e300000|  0%| F|  |TAMS 0x000000070e200000, 0x000000070e200000| Untracked 
| 217|0x000000070e300000, 0x000000070e300000, 0x000000070e400000|  0%| F|  |TAMS 0x000000070e300000, 0x000000070e300000| Untracked 
| 218|0x000000070e400000, 0x000000070e4d8680, 0x000000070e500000| 84%| S|CS|TAMS 0x000000070e400000, 0x000000070e400000| Complete 
| 219|0x000000070e500000, 0x000000070e600000, 0x000000070e600000|100%| S|CS|TAMS 0x000000070e500000, 0x000000070e500000| Complete 
| 220|0x000000070e600000, 0x000000070e700000, 0x000000070e700000|100%| S|CS|TAMS 0x000000070e600000, 0x000000070e600000| Complete 
| 221|0x000000070e700000, 0x000000070e800000, 0x000000070e800000|100%| S|CS|TAMS 0x000000070e700000, 0x000000070e700000| Complete 
| 222|0x000000070e800000, 0x000000070e900000, 0x000000070e900000|100%| S|CS|TAMS 0x000000070e800000, 0x000000070e800000| Complete 
| 223|0x000000070e900000, 0x000000070e900000, 0x000000070ea00000|  0%| F|  |TAMS 0x000000070e900000, 0x000000070e900000| Untracked 
| 224|0x000000070ea00000, 0x000000070ea00000, 0x000000070eb00000|  0%| F|  |TAMS 0x000000070ea00000, 0x000000070ea00000| Untracked 
| 225|0x000000070eb00000, 0x000000070eb00000, 0x000000070ec00000|  0%| F|  |TAMS 0x000000070eb00000, 0x000000070eb00000| Untracked 
| 226|0x000000070ec00000, 0x000000070ec00000, 0x000000070ed00000|  0%| F|  |TAMS 0x000000070ec00000, 0x000000070ec00000| Untracked 
| 227|0x000000070ed00000, 0x000000070ed00000, 0x000000070ee00000|  0%| F|  |TAMS 0x000000070ed00000, 0x000000070ed00000| Untracked 
| 228|0x000000070ee00000, 0x000000070ee00000, 0x000000070ef00000|  0%| F|  |TAMS 0x000000070ee00000, 0x000000070ee00000| Untracked 
| 229|0x000000070ef00000, 0x000000070ef00000, 0x000000070f000000|  0%| F|  |TAMS 0x000000070ef00000, 0x000000070ef00000| Untracked 
| 230|0x000000070f000000, 0x000000070f000000, 0x000000070f100000|  0%| F|  |TAMS 0x000000070f000000, 0x000000070f000000| Untracked 
| 231|0x000000070f100000, 0x000000070f100000, 0x000000070f200000|  0%| F|  |TAMS 0x000000070f100000, 0x000000070f100000| Untracked 
| 232|0x000000070f200000, 0x000000070f200000, 0x000000070f300000|  0%| F|  |TAMS 0x000000070f200000, 0x000000070f200000| Untracked 
| 233|0x000000070f300000, 0x000000070f300000, 0x000000070f400000|  0%| F|  |TAMS 0x000000070f300000, 0x000000070f300000| Untracked 
| 234|0x000000070f400000, 0x000000070f400000, 0x000000070f500000|  0%| F|  |TAMS 0x000000070f400000, 0x000000070f400000| Untracked 
| 235|0x000000070f500000, 0x000000070f500000, 0x000000070f600000|  0%| F|  |TAMS 0x000000070f500000, 0x000000070f500000| Untracked 
| 236|0x000000070f600000, 0x000000070f600000, 0x000000070f700000|  0%| F|  |TAMS 0x000000070f600000, 0x000000070f600000| Untracked 
| 237|0x000000070f700000, 0x000000070f700000, 0x000000070f800000|  0%| F|  |TAMS 0x000000070f700000, 0x000000070f700000| Untracked 
| 238|0x000000070f800000, 0x000000070f800000, 0x000000070f900000|  0%| F|  |TAMS 0x000000070f800000, 0x000000070f800000| Untracked 
| 239|0x000000070f900000, 0x000000070f900000, 0x000000070fa00000|  0%| F|  |TAMS 0x000000070f900000, 0x000000070f900000| Untracked 
| 240|0x000000070fa00000, 0x000000070fa00000, 0x000000070fb00000|  0%| F|  |TAMS 0x000000070fa00000, 0x000000070fa00000| Untracked 
| 241|0x000000070fb00000, 0x000000070fb00000, 0x000000070fc00000|  0%| F|  |TAMS 0x000000070fb00000, 0x000000070fb00000| Untracked 
| 242|0x000000070fc00000, 0x000000070fc00000, 0x000000070fd00000|  0%| F|  |TAMS 0x000000070fc00000, 0x000000070fc00000| Untracked 
| 243|0x000000070fd00000, 0x000000070fd00000, 0x000000070fe00000|  0%| F|  |TAMS 0x000000070fd00000, 0x000000070fd00000| Untracked 
| 244|0x000000070fe00000, 0x000000070fe00000, 0x000000070ff00000|  0%| F|  |TAMS 0x000000070fe00000, 0x000000070fe00000| Untracked 
| 245|0x000000070ff00000, 0x000000070ff00000, 0x0000000710000000|  0%| F|  |TAMS 0x000000070ff00000, 0x000000070ff00000| Untracked 
| 246|0x0000000710000000, 0x0000000710000000, 0x0000000710100000|  0%| F|  |TAMS 0x0000000710000000, 0x0000000710000000| Untracked 
| 247|0x0000000710100000, 0x0000000710100000, 0x0000000710200000|  0%| F|  |TAMS 0x0000000710100000, 0x0000000710100000| Untracked 
| 248|0x0000000710200000, 0x0000000710200000, 0x0000000710300000|  0%| F|  |TAMS 0x0000000710200000, 0x0000000710200000| Untracked 
| 249|0x0000000710300000, 0x0000000710300000, 0x0000000710400000|  0%| F|  |TAMS 0x0000000710300000, 0x0000000710300000| Untracked 
| 250|0x0000000710400000, 0x0000000710400000, 0x0000000710500000|  0%| F|  |TAMS 0x0000000710400000, 0x0000000710400000| Untracked 
| 251|0x0000000710500000, 0x0000000710580800, 0x0000000710600000| 50%| E|  |TAMS 0x0000000710500000, 0x0000000710500000| Complete 
| 252|0x0000000710600000, 0x0000000710700000, 0x0000000710700000|100%| E|CS|TAMS 0x0000000710600000, 0x0000000710600000| Complete 
| 253|0x0000000710700000, 0x0000000710800000, 0x0000000710800000|100%| E|CS|TAMS 0x0000000710700000, 0x0000000710700000| Complete 
| 254|0x0000000710800000, 0x0000000710900000, 0x0000000710900000|100%| E|CS|TAMS 0x0000000710800000, 0x0000000710800000| Complete 
| 255|0x0000000710900000, 0x0000000710a00000, 0x0000000710a00000|100%| E|CS|TAMS 0x0000000710900000, 0x0000000710900000| Complete 

Card table byte_map: [0x0000019637810000,0x0000019638010000] _byte_map_base: 0x000001963400b000

Marking Bits (Prev, Next): (CMBitMap*) 0x000001961e2bfbf8, (CMBitMap*) 0x000001961e2bfc30
 Prev Bits: [0x0000019638810000, 0x000001963c7e8000)
 Next Bits: [0x000001963c7f0000, 0x00000196407c8000)

Polling page: 0x000001961c040000

Metaspace:

Usage:
  Non-class:     27.29 MB capacity,    26.61 MB ( 97%) used,   578.70 KB (  2%) free+waste,   121.19 KB ( <1%) overhead. 
      Class:      3.86 MB capacity,     3.43 MB ( 89%) used,   382.30 KB ( 10%) free+waste,    57.88 KB (  1%) overhead. 
       Both:     31.16 MB capacity,    30.04 MB ( 96%) used,   961.00 KB (  3%) free+waste,   179.06 KB ( <1%) overhead. 

Virtual space:
  Non-class space:       28.00 MB reserved,      27.50 MB ( 98%) committed 
      Class space:        1.00 GB reserved,       3.88 MB ( <1%) committed 
             Both:        1.03 GB reserved,      31.38 MB (  3%) committed 

Chunk freelists:
   Non-Class:  19.00 KB
       Class:  0 bytes
        Both:  19.00 KB

MaxMetaspaceSize: 17179869184.00 GB
CompressedClassSpaceSize: 1.00 GB

CodeHeap 'non-profiled nmethods': size=120064Kb used=2860Kb max_used=2860Kb free=117203Kb
 bounds [0x000001962fad0000, 0x000001962fda0000, 0x0000019637010000]
CodeHeap 'profiled nmethods': size=120000Kb used=10823Kb max_used=10823Kb free=109176Kb
 bounds [0x00000196285a0000, 0x0000019629040000, 0x000001962fad0000]
CodeHeap 'non-nmethods': size=5696Kb used=1444Kb max_used=1520Kb free=4251Kb
 bounds [0x0000019628010000, 0x0000019628280000, 0x00000196285a0000]
 total_blobs=5639 nmethods=4845 adapters=713
 compilation: enabled
              stopped_count=0, restarted_count=0
 full_count=0

Compilation events (20 events):
Event: 225.974 Thread 0x000001964358c800 5396       1       javafx.scene.image.ImageView::access$400 (5 bytes)
Event: 225.975 Thread 0x000001964358c800 nmethod 5396 0x000001962fd99710 code [0x000001962fd998c0, 0x000001962fd99958]
Event: 225.976 Thread 0x000001964358c800 5397       3       java.net.SocketInputStream::read (44 bytes)
Event: 225.976 Thread 0x000001964358c800 nmethod 5397 0x0000019629031390 code [0x0000019629031560, 0x00000196290319c8]
Event: 225.976 Thread 0x000001964358c800 5398       3       java.io.ObjectInputStream$BlockDataInputStream::readByte (20 bytes)
Event: 225.976 Thread 0x000001964358c800 nmethod 5398 0x0000019629031b90 code [0x0000019629031d60, 0x0000019629031fb8]
Event: 225.976 Thread 0x000001964358c800 5399       3       java.io.ObjectInputStream$BlockDataInputStream::setBlockDataMode (74 bytes)
Event: 225.976 Thread 0x000001964358c800 nmethod 5399 0x0000019629032110 code [0x00000196290322e0, 0x0000019629032648]
Event: 226.075 Thread 0x000001964358c800 5400       3       jdk.internal.module.Resources::toPackageName (39 bytes)
Event: 226.075 Thread 0x000001964358c800 nmethod 5400 0x0000019629032790 code [0x00000196290329c0, 0x0000019629033058]
Event: 226.079 Thread 0x0000019643582000 5401       4       java.io.SequenceInputStream::read (84 bytes)
Event: 226.085 Thread 0x000001964358c800 5402       3       jdk.internal.loader.URLClassPath$JarLoader::findResource (18 bytes)
Event: 226.085 Thread 0x000001964358c800 nmethod 5402 0x0000019629033310 code [0x00000196290334e0, 0x0000019629033758]
Event: 226.085 Thread 0x000001964358c800 5403       3       javafx.fxml.FXMLLoader::loadTypeForPackage (22 bytes)
Event: 226.087 Thread 0x000001964358c800 nmethod 5403 0x0000019629033890 code [0x0000019629033dc0, 0x0000019629036a18]
Event: 226.087 Thread 0x000001964358c800 5404       3       java.util.regex.CharPredicates$$Lambda$20/0x0000000800064440::is (5 bytes)
Event: 226.087 Thread 0x000001964358c800 nmethod 5404 0x0000019629037f10 code [0x00000196290380e0, 0x0000019629038398]
Event: 226.087 Thread 0x000001964358c800 5405       3       java.util.regex.CharPredicates::lambda$ASCII_DIGIT$15 (20 bytes)
Event: 226.087 Thread 0x000001964358c800 nmethod 5405 0x0000019629038490 code [0x0000019629038640, 0x0000019629038878]
Event: 226.092 Thread 0x0000019643582000 nmethod 5401 0x000001962fd99a10 code [0x000001962fd99c40, 0x000001962fd9b7a0]

GC Heap History (10 events):
Event: 0.676 GC heap before
{Heap before GC invocations=0 (full 0):
 garbage-first heap   total 262144K, used 14336K [0x0000000700a00000, 0x0000000800000000)
  region size 1024K, 14 young (14336K), 0 survivors (0K)
 Metaspace       used 10452K, capacity 10723K, committed 10880K, reserved 1058816K
  class space    used 963K, capacity 1047K, committed 1152K, reserved 1048576K
}
Event: 0.680 GC heap after
{Heap after GC invocations=1 (full 0):
 garbage-first heap   total 262144K, used 1741K [0x0000000700a00000, 0x0000000800000000)
  region size 1024K, 2 young (2048K), 2 survivors (2048K)
 Metaspace       used 10452K, capacity 10723K, committed 10880K, reserved 1058816K
  class space    used 963K, capacity 1047K, committed 1152K, reserved 1048576K
}
Event: 2.141 GC heap before
{Heap before GC invocations=1 (full 0):
 garbage-first heap   total 262144K, used 57037K [0x0000000700a00000, 0x0000000800000000)
  region size 1024K, 57 young (58368K), 2 survivors (2048K)
 Metaspace       used 20645K, capacity 21129K, committed 21248K, reserved 1069056K
  class space    used 2274K, capacity 2497K, committed 2560K, reserved 1048576K
}
Event: 2.148 GC heap after
{Heap after GC invocations=2 (full 0):
 garbage-first heap   total 262144K, used 6838K [0x0000000700a00000, 0x0000000800000000)
  region size 1024K, 7 young (7168K), 7 survivors (7168K)
 Metaspace       used 20645K, capacity 21129K, committed 21248K, reserved 1069056K
  class space    used 2274K, capacity 2497K, committed 2560K, reserved 1048576K
}
Event: 8.148 GC heap before
{Heap before GC invocations=3 (full 0):
 garbage-first heap   total 262144K, used 170678K [0x0000000700a00000, 0x0000000800000000)
  region size 1024K, 54 young (55296K), 7 survivors (7168K)
 Metaspace       used 28730K, capacity 29679K, committed 29952K, reserved 1075200K
  class space    used 3398K, capacity 3804K, committed 3840K, reserved 1048576K
}
Event: 8.159 GC heap after
{Heap after GC invocations=4 (full 0):
 garbage-first heap   total 262144K, used 110394K [0x0000000700a00000, 0x0000000800000000)
  region size 1024K, 9 young (9216K), 9 survivors (9216K)
 Metaspace       used 28730K, capacity 29679K, committed 29952K, reserved 1075200K
  class space    used 3398K, capacity 3804K, committed 3840K, reserved 1048576K
}
Event: 8.268 GC heap before
{Heap before GC invocations=5 (full 0):
 garbage-first heap   total 262144K, used 127802K [0x0000000700a00000, 0x0000000800000000)
  region size 1024K, 11 young (11264K), 9 survivors (9216K)
 Metaspace       used 28748K, capacity 29807K, committed 29952K, reserved 1075200K
  class space    used 3398K, capacity 3804K, committed 3840K, reserved 1048576K
}
Event: 8.273 GC heap after
{Heap after GC invocations=6 (full 0):
 garbage-first heap   total 262144K, used 41891K [0x0000000700a00000, 0x0000000800000000)
  region size 1024K, 5 young (5120K), 5 survivors (5120K)
 Metaspace       used 28748K, capacity 29807K, committed 29952K, reserved 1075200K
  class space    used 3398K, capacity 3804K, committed 3840K, reserved 1048576K
}
Event: 225.936 GC heap before
{Heap before GC invocations=7 (full 0):
 garbage-first heap   total 262144K, used 149411K [0x0000000700a00000, 0x0000000800000000)
  region size 1024K, 33 young (33792K), 5 survivors (5120K)
 Metaspace       used 30706K, capacity 31812K, committed 31872K, reserved 1077248K
  class space    used 3512K, capacity 3952K, committed 3968K, reserved 1048576K
}
Event: 225.940 GC heap after
{Heap after GC invocations=8 (full 0):
 garbage-first heap   total 262144K, used 22276K [0x0000000700a00000, 0x0000000800000000)
  region size 1024K, 5 young (5120K), 5 survivors (5120K)
 Metaspace       used 30706K, capacity 31812K, committed 31872K, reserved 1077248K
  class space    used 3512K, capacity 3952K, committed 3968K, reserved 1048576K
}

Deoptimization events (20 events):
Event: 226.100 Thread 0x00000196440ff800 DEOPT PACKING pc=0x0000019628c73e4c sp=0x0000007f75df8fd0
Event: 226.100 Thread 0x00000196440ff800 DEOPT UNPACKING pc=0x000001962804bc4e sp=0x0000007f75df84b8 mode 1
Event: 226.100 Thread 0x00000196440ff800 DEOPT PACKING pc=0x0000019628c53ec4 sp=0x0000007f75df9030
Event: 226.100 Thread 0x00000196440ff800 DEOPT UNPACKING pc=0x000001962804bc4e sp=0x0000007f75df8550 mode 1
Event: 226.100 Thread 0x00000196440ff800 DEOPT PACKING pc=0x0000019628c8efac sp=0x0000007f75df9110
Event: 226.100 Thread 0x00000196440ff800 DEOPT UNPACKING pc=0x000001962804bc4e sp=0x0000007f75df8750 mode 1
Event: 226.100 Thread 0x00000196440ff800 DEOPT PACKING pc=0x0000019628c53ec4 sp=0x0000007f75df8f80
Event: 226.100 Thread 0x00000196440ff800 DEOPT UNPACKING pc=0x000001962804bc4e sp=0x0000007f75df84a0 mode 1
Event: 226.100 Thread 0x00000196440ff800 DEOPT PACKING pc=0x0000019628c8efac sp=0x0000007f75df9060
Event: 226.100 Thread 0x00000196440ff800 DEOPT UNPACKING pc=0x000001962804bc4e sp=0x0000007f75df86a0 mode 1
Event: 226.100 Thread 0x00000196440ff800 DEOPT PACKING pc=0x0000019628c53ec4 sp=0x0000007f75df8ed0
Event: 226.100 Thread 0x00000196440ff800 DEOPT UNPACKING pc=0x000001962804bc4e sp=0x0000007f75df83f0 mode 1
Event: 226.100 Thread 0x00000196440ff800 DEOPT PACKING pc=0x0000019628c8efac sp=0x0000007f75df8fb0
Event: 226.100 Thread 0x00000196440ff800 DEOPT UNPACKING pc=0x000001962804bc4e sp=0x0000007f75df85f0 mode 1
Event: 226.100 Thread 0x00000196440ff800 DEOPT PACKING pc=0x0000019628c53ec4 sp=0x0000007f75df8e20
Event: 226.100 Thread 0x00000196440ff800 DEOPT UNPACKING pc=0x000001962804bc4e sp=0x0000007f75df8340 mode 1
Event: 226.101 Thread 0x00000196440ff800 DEOPT PACKING pc=0x0000019628c8efac sp=0x0000007f75df8f00
Event: 226.101 Thread 0x00000196440ff800 DEOPT UNPACKING pc=0x000001962804bc4e sp=0x0000007f75df8540 mode 1
Event: 226.101 Thread 0x00000196440ff800 DEOPT PACKING pc=0x000001962fb23338 sp=0x0000007f75df9610
Event: 226.101 Thread 0x00000196440ff800 DEOPT UNPACKING pc=0x000001962804bc4e sp=0x0000007f75df8ab0 mode 1

Classes redefined (4 events):
Event: 132.238 Thread 0x0000019642cc6000 redefined class name=controllers.CustomCatalogController, count=1
Event: 146.976 Thread 0x0000019642cc6000 redefined class name=controllers.CustomCatalogController, count=2
Event: 304.333 Thread 0x0000019642cc6000 redefined class name=controllers.CustomCatalogController, count=3
Event: 360.162 Thread 0x0000019642cc6000 redefined class name=controllers.CustomCatalogController, count=4

Internal exceptions (20 events):
Event: 3.930 Thread 0x00000196440ff800 Exception <a 'java/io/FileNotFoundException'{0x000000070e61a6a0}> (0x000000070e61a6a0) thrown at [./src/hotspot/share/prims/jni.cpp, line 615]
Event: 3.930 Thread 0x00000196440ff800 Exception <a 'java/io/FileNotFoundException'{0x000000070e61c1f0}> (0x000000070e61c1f0) thrown at [./src/hotspot/share/prims/jni.cpp, line 615]
Event: 3.936 Thread 0x00000196440ff800 Exception <a 'java/io/FileNotFoundException'{0x000000070e510008}> (0x000000070e510008) thrown at [./src/hotspot/share/prims/jni.cpp, line 615]
Event: 3.936 Thread 0x00000196440ff800 Exception <a 'java/io/FileNotFoundException'{0x000000070e512f68}> (0x000000070e512f68) thrown at [./src/hotspot/share/prims/jni.cpp, line 615]
Event: 3.936 Thread 0x00000196440ff800 Exception <a 'java/io/FileNotFoundException'{0x000000070e514bf8}> (0x000000070e514bf8) thrown at [./src/hotspot/share/prims/jni.cpp, line 615]
Event: 6.791 Thread 0x00000196440ff800 Exception <a 'java/io/FileNotFoundException'{0x000000070e2a4d48}> (0x000000070e2a4d48) thrown at [./src/hotspot/share/prims/jni.cpp, line 615]
Event: 7.948 Thread 0x00000196440ff800 Exception <a 'java/io/FileNotFoundException'{0x000000070de9e2c0}> (0x000000070de9e2c0) thrown at [./src/hotspot/share/prims/jni.cpp, line 615]
Event: 8.319 Thread 0x00000196440ff800 Exception <a 'java/io/FileNotFoundException'{0x0000000710950a98}> (0x0000000710950a98) thrown at [./src/hotspot/share/prims/jni.cpp, line 615]
Event: 53.943 Thread 0x00000196440ff800 Exception <a 'java/lang/reflect/InvocationTargetException'{0x000000070fee0f60}> (0x000000070fee0f60) thrown at [./src/hotspot/share/runtime/reflection.cpp, line 1247]
Event: 64.654 Thread 0x00000196440ff800 Exception <a 'java/lang/RuntimeException'{0x000000070fee1ba0}> (0x000000070fee1ba0) thrown at [./src/hotspot/share/prims/jvm.cpp, line 1309]
Event: 157.460 Thread 0x00000196440ff800 Exception <a 'java/lang/reflect/InvocationTargetException'{0x000000070fb35bc0}> (0x000000070fb35bc0) thrown at [./src/hotspot/share/runtime/reflection.cpp, line 1247]
Event: 164.143 Thread 0x00000196440ff800 Exception <a 'java/lang/RuntimeException'{0x000000070fb366b0}> (0x000000070fb366b0) thrown at [./src/hotspot/share/prims/jvm.cpp, line 1309]
Event: 181.439 Thread 0x00000196440ff800 Exception <a 'java/lang/reflect/InvocationTargetException'{0x000000070fb63240}> (0x000000070fb63240) thrown at [./src/hotspot/share/runtime/reflection.cpp, line 1247]
Event: 181.439 Thread 0x00000196440ff800 Exception <a 'java/lang/RuntimeException'{0x000000070fb63d30}> (0x000000070fb63d30) thrown at [./src/hotspot/share/prims/jvm.cpp, line 1309]
Event: 208.327 Thread 0x00000196440ff800 Exception <a 'java/io/FileNotFoundException'{0x000000070f8e9b70}> (0x000000070f8e9b70) thrown at [./src/hotspot/share/prims/jni.cpp, line 615]
Event: 208.401 Thread 0x0000019646282000 Implicit null exception at 0x000001962fd6d3ef to 0x000001962fd70395
Event: 210.631 Thread 0x00000196440ff800 Exception <a 'java/io/FileNotFoundException'{0x000000070f590b30}> (0x000000070f590b30) thrown at [./src/hotspot/share/prims/jni.cpp, line 615]
Event: 210.940 Thread 0x00000196440ff800 Exception <a 'java/io/FileNotFoundException'{0x000000070f2e78f0}> (0x000000070f2e78f0) thrown at [./src/hotspot/share/prims/jni.cpp, line 615]
Event: 223.300 Thread 0x00000196440ff800 Exception <a 'java/io/FileNotFoundException'{0x000000070ecd09f8}> (0x000000070ecd09f8) thrown at [./src/hotspot/share/prims/jni.cpp, line 615]
Event: 225.944 Thread 0x00000196440ff800 Exception <a 'java/io/FileNotFoundException'{0x0000000710920a98}> (0x0000000710920a98) thrown at [./src/hotspot/share/prims/jni.cpp, line 615]

Events (20 events):
Event: 360.165 Executing VM operation: RedefineClasses done
Event: 360.172 Executing VM operation: ChangeBreakpoints
Event: 360.173 Executing VM operation: ChangeBreakpoints done
Event: 360.179 Executing VM operation: ChangeBreakpoints
Event: 360.181 Executing VM operation: ChangeBreakpoints done
Event: 360.186 Executing VM operation: ChangeBreakpoints
Event: 360.190 Executing VM operation: ChangeBreakpoints done
Event: 360.191 Executing VM operation: GetFrameCount
Event: 360.192 Executing VM operation: GetFrameCount done
Event: 360.192 Executing VM operation: GetStackTrace
Event: 360.192 Executing VM operation: GetStackTrace done
Event: 360.300 Executing VM operation: GetFrameCount
Event: 360.301 Executing VM operation: GetFrameCount done
Event: 360.301 Executing VM operation: GetOwnedMonitorInfo
Event: 360.301 Executing VM operation: GetOwnedMonitorInfo done
Event: 360.301 Executing VM operation: GetCurrentContendedMonitor
Event: 360.301 Executing VM operation: GetCurrentContendedMonitor done
Event: 360.304 Executing VM operation: GetFrameLocation
Event: 360.304 Executing VM operation: GetFrameLocation done
Event: 360.304 Executing VM operation: GetOrSetLocal


Dynamic libraries:
0x00007ff681730000 - 0x00007ff68173d000 	C:\Program Files\BellSoft\LibericaJDK-11-Full\bin\javaw.exe
0x00007ff8e8bb0000 - 0x00007ff8e8da5000 	C:\WINDOWS\SYSTEM32\ntdll.dll
0x00007ff8e7a10000 - 0x00007ff8e7acd000 	C:\WINDOWS\System32\KERNEL32.DLL
0x00007ff8e6580000 - 0x00007ff8e684d000 	C:\WINDOWS\System32\KERNELBASE.dll
0x00007ff8e6a90000 - 0x00007ff8e6b90000 	C:\WINDOWS\System32\ucrtbase.dll
0x00007ff8e1b30000 - 0x00007ff8e1b45000 	C:\Program Files\BellSoft\LibericaJDK-11-Full\bin\VCRUNTIME140.dll
0x00007ff8e1a80000 - 0x00007ff8e1a97000 	C:\Program Files\BellSoft\LibericaJDK-11-Full\bin\jli.dll
0x00007ff8e8480000 - 0x00007ff8e8620000 	C:\WINDOWS\System32\USER32.dll
0x00007ff8e6a60000 - 0x00007ff8e6a82000 	C:\WINDOWS\System32\win32u.dll
0x00007ff8c8b50000 - 0x00007ff8c8dea000 	C:\WINDOWS\WinSxS\amd64_microsoft.windows.common-controls_6595b64144ccf1df_6.0.19041.1110_none_60b5254171f9507e\COMCTL32.dll
0x00007ff8e8620000 - 0x00007ff8e864a000 	C:\WINDOWS\System32\GDI32.dll
0x00007ff8e8ad0000 - 0x00007ff8e8b6e000 	C:\WINDOWS\System32\msvcrt.dll
0x00007ff8e62c0000 - 0x00007ff8e63cb000 	C:\WINDOWS\System32\gdi32full.dll
0x00007ff8e6420000 - 0x00007ff8e64bd000 	C:\WINDOWS\System32\msvcp_win.dll
0x00007ff8e6c60000 - 0x00007ff8e6c90000 	C:\WINDOWS\System32\IMM32.DLL
0x00007ff881da0000 - 0x00007ff881e3b000 	C:\Program Files\BellSoft\LibericaJDK-11-Full\bin\msvcp140.dll
0x00007ff8497e0000 - 0x00007ff84a324000 	C:\Program Files\BellSoft\LibericaJDK-11-Full\bin\server\jvm.dll
0x00007ff8e75a0000 - 0x00007ff8e764e000 	C:\WINDOWS\System32\ADVAPI32.dll
0x00007ff8e7ae0000 - 0x00007ff8e7b7c000 	C:\WINDOWS\System32\sechost.dll
0x00007ff8e7470000 - 0x00007ff8e7595000 	C:\WINDOWS\System32\RPCRT4.dll
0x00007ff8e7ad0000 - 0x00007ff8e7ad8000 	C:\WINDOWS\System32\PSAPI.DLL
0x00007ff8c3440000 - 0x00007ff8c3449000 	C:\WINDOWS\SYSTEM32\WSOCK32.dll
0x00007ff8e88f0000 - 0x00007ff8e895b000 	C:\WINDOWS\System32\WS2_32.dll
0x00007ff8daee0000 - 0x00007ff8daf07000 	C:\WINDOWS\SYSTEM32\WINMM.dll
0x00007ff8df5b0000 - 0x00007ff8df5ba000 	C:\WINDOWS\SYSTEM32\VERSION.dll
0x00007ff8e4ba0000 - 0x00007ff8e4bb2000 	C:\WINDOWS\SYSTEM32\kernel.appcore.dll
0x00007ff8c47b0000 - 0x00007ff8c47c0000 	C:\Program Files\BellSoft\LibericaJDK-11-Full\bin\verify.dll
0x00007ff8e4960000 - 0x00007ff8e4b44000 	C:\WINDOWS\SYSTEM32\DBGHELP.DLL
0x00007ff8de390000 - 0x00007ff8de3bc000 	C:\WINDOWS\SYSTEM32\dbgcore.DLL
0x00007ff8e64f0000 - 0x00007ff8e6572000 	C:\WINDOWS\System32\bcryptPrimitives.dll
0x00007ff8c4780000 - 0x00007ff8c47a8000 	C:\Program Files\BellSoft\LibericaJDK-11-Full\bin\java.dll
0x00007ff8c3d50000 - 0x00007ff8c3d5a000 	C:\Program Files\BellSoft\LibericaJDK-11-Full\bin\jimage.dll
0x00007ff89b240000 - 0x00007ff89b278000 	C:\Program Files\BellSoft\LibericaJDK-11-Full\bin\jdwp.dll
0x00007ff8b6f60000 - 0x00007ff8b6f6e000 	C:\Program Files\BellSoft\LibericaJDK-11-Full\bin\instrument.dll
0x00007ff8aa410000 - 0x00007ff8aa427000 	C:\Program Files\BellSoft\LibericaJDK-11-Full\bin\zip.dll
0x00007ff8e7b80000 - 0x00007ff8e82c4000 	C:\WINDOWS\System32\SHELL32.dll
0x00007ff8e40f0000 - 0x00007ff8e4884000 	C:\WINDOWS\SYSTEM32\windows.storage.dll
0x00007ff8e6c90000 - 0x00007ff8e6fe4000 	C:\WINDOWS\System32\combase.dll
0x00007ff8e5d20000 - 0x00007ff8e5d4c000 	C:\WINDOWS\SYSTEM32\Wldp.dll
0x00007ff8e8960000 - 0x00007ff8e8a0d000 	C:\WINDOWS\System32\SHCORE.dll
0x00007ff8e7890000 - 0x00007ff8e78e5000 	C:\WINDOWS\System32\shlwapi.dll
0x00007ff8e6200000 - 0x00007ff8e621f000 	C:\WINDOWS\SYSTEM32\profapi.dll
0x00007ff8aa370000 - 0x00007ff8aa389000 	C:\Program Files\BellSoft\LibericaJDK-11-Full\bin\net.dll
0x00007ff8df0a0000 - 0x00007ff8df1aa000 	C:\WINDOWS\SYSTEM32\WINHTTP.dll
0x00007ff8e5a10000 - 0x00007ff8e5a7a000 	C:\WINDOWS\system32\mswsock.dll
0x00007ff8aa270000 - 0x00007ff8aa282000 	C:\Program Files\BellSoft\LibericaJDK-11-Full\bin\nio.dll
0x00007ff8b6350000 - 0x00007ff8b635a000 	C:\Program Files\BellSoft\LibericaJDK-11-Full\bin\dt_socket.dll
0x00007ff8e5740000 - 0x00007ff8e580b000 	C:\WINDOWS\SYSTEM32\DNSAPI.dll
0x00007ff8e5700000 - 0x00007ff8e573b000 	C:\WINDOWS\SYSTEM32\IPHLPAPI.DLL
0x00007ff8e8a10000 - 0x00007ff8e8a18000 	C:\WINDOWS\System32\NSI.dll
0x00007ff8dd6f0000 - 0x00007ff8dd770000 	C:\WINDOWS\System32\fwpuclnt.dll
0x00007ff8e64c0000 - 0x00007ff8e64e7000 	C:\WINDOWS\System32\bcrypt.dll
0x00007ff8de800000 - 0x00007ff8de80a000 	C:\Windows\System32\rasadhlp.dll
0x000001961c080000 - 0x000001961c083000 	C:\Program Files\BellSoft\LibericaJDK-11-Full\bin\api-ms-win-core-console-l1-1-0.dll
0x000001961c090000 - 0x000001961c093000 	C:\Program Files\BellSoft\LibericaJDK-11-Full\bin\api-ms-win-core-console-l1-2-0.dll
0x000001961c0a0000 - 0x000001961c0a3000 	C:\Program Files\BellSoft\LibericaJDK-11-Full\bin\api-ms-win-core-datetime-l1-1-0.dll
0x000001961c0b0000 - 0x000001961c0b3000 	C:\Program Files\BellSoft\LibericaJDK-11-Full\bin\api-ms-win-core-debug-l1-1-0.dll
0x000001961c250000 - 0x000001961c253000 	C:\Program Files\BellSoft\LibericaJDK-11-Full\bin\api-ms-win-core-errorhandling-l1-1-0.dll
0x000001961c260000 - 0x000001961c264000 	C:\Program Files\BellSoft\LibericaJDK-11-Full\bin\api-ms-win-core-file-l1-1-0.dll
0x000001961c270000 - 0x000001961c273000 	C:\Program Files\BellSoft\LibericaJDK-11-Full\bin\api-ms-win-core-file-l1-2-0.dll
0x000001961c280000 - 0x000001961c283000 	C:\Program Files\BellSoft\LibericaJDK-11-Full\bin\api-ms-win-core-file-l2-1-0.dll
0x000001961e170000 - 0x000001961e173000 	C:\Program Files\BellSoft\LibericaJDK-11-Full\bin\api-ms-win-core-handle-l1-1-0.dll
0x000001961e180000 - 0x000001961e183000 	C:\Program Files\BellSoft\LibericaJDK-11-Full\bin\api-ms-win-core-heap-l1-1-0.dll
0x000001961e190000 - 0x000001961e193000 	C:\Program Files\BellSoft\LibericaJDK-11-Full\bin\api-ms-win-core-interlocked-l1-1-0.dll
0x000001961e1a0000 - 0x000001961e1a3000 	C:\Program Files\BellSoft\LibericaJDK-11-Full\bin\api-ms-win-core-libraryloader-l1-1-0.dll
0x000001961e1b0000 - 0x000001961e1b3000 	C:\Program Files\BellSoft\LibericaJDK-11-Full\bin\api-ms-win-core-localization-l1-2-0.dll
0x000001961e1c0000 - 0x000001961e1c3000 	C:\Program Files\BellSoft\LibericaJDK-11-Full\bin\api-ms-win-core-memory-l1-1-0.dll
0x000001961e1d0000 - 0x000001961e1d3000 	C:\Program Files\BellSoft\LibericaJDK-11-Full\bin\api-ms-win-core-namedpipe-l1-1-0.dll
0x000001961e1e0000 - 0x000001961e1e3000 	C:\Program Files\BellSoft\LibericaJDK-11-Full\bin\api-ms-win-core-processenvironment-l1-1-0.dll
0x000001961e1f0000 - 0x000001961e1f3000 	C:\Program Files\BellSoft\LibericaJDK-11-Full\bin\api-ms-win-core-processthreads-l1-1-0.dll
0x000001961e200000 - 0x000001961e203000 	C:\Program Files\BellSoft\LibericaJDK-11-Full\bin\api-ms-win-core-processthreads-l1-1-1.dll
0x000001961e210000 - 0x000001961e213000 	C:\Program Files\BellSoft\LibericaJDK-11-Full\bin\api-ms-win-core-profile-l1-1-0.dll
0x000001961e220000 - 0x000001961e223000 	C:\Program Files\BellSoft\LibericaJDK-11-Full\bin\api-ms-win-core-rtlsupport-l1-1-0.dll
0x000001961e230000 - 0x000001961e233000 	C:\Program Files\BellSoft\LibericaJDK-11-Full\bin\api-ms-win-core-string-l1-1-0.dll
0x0000019645710000 - 0x0000019645713000 	C:\Program Files\BellSoft\LibericaJDK-11-Full\bin\api-ms-win-core-synch-l1-1-0.dll
0x0000019645720000 - 0x0000019645723000 	C:\Program Files\BellSoft\LibericaJDK-11-Full\bin\api-ms-win-core-synch-l1-2-0.dll
0x0000019645730000 - 0x0000019645733000 	C:\Program Files\BellSoft\LibericaJDK-11-Full\bin\api-ms-win-core-sysinfo-l1-1-0.dll
0x0000019645740000 - 0x0000019645743000 	C:\Program Files\BellSoft\LibericaJDK-11-Full\bin\api-ms-win-core-timezone-l1-1-0.dll
0x0000019645750000 - 0x0000019645753000 	C:\Program Files\BellSoft\LibericaJDK-11-Full\bin\api-ms-win-core-util-l1-1-0.dll
0x0000019645760000 - 0x0000019645763000 	C:\Program Files\BellSoft\LibericaJDK-11-Full\bin\api-ms-win-crt-conio-l1-1-0.dll
0x0000019645770000 - 0x0000019645774000 	C:\Program Files\BellSoft\LibericaJDK-11-Full\bin\api-ms-win-crt-convert-l1-1-0.dll
0x0000019645780000 - 0x0000019645783000 	C:\Program Files\BellSoft\LibericaJDK-11-Full\bin\api-ms-win-crt-environment-l1-1-0.dll
0x0000019645790000 - 0x0000019645793000 	C:\Program Files\BellSoft\LibericaJDK-11-Full\bin\api-ms-win-crt-filesystem-l1-1-0.dll
0x00000196457a0000 - 0x00000196457a3000 	C:\Program Files\BellSoft\LibericaJDK-11-Full\bin\api-ms-win-crt-heap-l1-1-0.dll
0x00000196457b0000 - 0x00000196457b3000 	C:\Program Files\BellSoft\LibericaJDK-11-Full\bin\api-ms-win-crt-locale-l1-1-0.dll
0x00000196457c0000 - 0x00000196457c5000 	C:\Program Files\BellSoft\LibericaJDK-11-Full\bin\api-ms-win-crt-math-l1-1-0.dll
0x00000196457d0000 - 0x00000196457d5000 	C:\Program Files\BellSoft\LibericaJDK-11-Full\bin\api-ms-win-crt-multibyte-l1-1-0.dll
0x00000196457e0000 - 0x00000196457f0000 	C:\Program Files\BellSoft\LibericaJDK-11-Full\bin\api-ms-win-crt-private-l1-1-0.dll
0x00000196457f0000 - 0x00000196457f3000 	C:\Program Files\BellSoft\LibericaJDK-11-Full\bin\api-ms-win-crt-process-l1-1-0.dll
0x0000019645800000 - 0x0000019645804000 	C:\Program Files\BellSoft\LibericaJDK-11-Full\bin\api-ms-win-crt-runtime-l1-1-0.dll
0x0000019645810000 - 0x0000019645814000 	C:\Program Files\BellSoft\LibericaJDK-11-Full\bin\api-ms-win-crt-stdio-l1-1-0.dll
0x0000019645820000 - 0x0000019645824000 	C:\Program Files\BellSoft\LibericaJDK-11-Full\bin\api-ms-win-crt-string-l1-1-0.dll
0x0000019645830000 - 0x0000019645833000 	C:\Program Files\BellSoft\LibericaJDK-11-Full\bin\api-ms-win-crt-time-l1-1-0.dll
0x0000019645840000 - 0x0000019645843000 	C:\Program Files\BellSoft\LibericaJDK-11-Full\bin\api-ms-win-crt-utility-l1-1-0.dll
0x00007ff85b040000 - 0x00007ff85b13c000 	C:\Program Files\BellSoft\LibericaJDK-11-Full\bin\ucrtbase.dll
0x00007ff8a1810000 - 0x00007ff8a1861000 	C:\Program Files\BellSoft\LibericaJDK-11-Full\bin\concrt140.dll
0x00007ff8aa3e0000 - 0x00007ff8aa403000 	C:\Program Files\BellSoft\LibericaJDK-11-Full\bin\prism_d3d.dll
0x00007ff8d8760000 - 0x00007ff8d892f000 	C:\WINDOWS\system32\d3d9.dll
0x00007ff8e3cc0000 - 0x00007ff8e3cef000 	C:\WINDOWS\SYSTEM32\dwmapi.dll
0x00007ff8e39c0000 - 0x00007ff8e3a5e000 	C:\WINDOWS\system32\uxtheme.dll
0x00007ff8dd220000 - 0x00007ff8dd327000 	C:\WINDOWS\System32\DriverStore\FileRepository\nvlei.inf_amd64_e314d845283f73de\nvldumdx.dll
0x00007ff8e5eb0000 - 0x00007ff8e5ec2000 	C:\WINDOWS\SYSTEM32\msasn1.dll
0x00007ff8de830000 - 0x00007ff8de861000 	C:\WINDOWS\SYSTEM32\cryptnet.dll
0x00007ff8e6900000 - 0x00007ff8e6a56000 	C:\WINDOWS\System32\CRYPT32.dll
0x00007ff8dcf20000 - 0x00007ff8dd068000 	C:\WINDOWS\SYSTEM32\drvstore.dll
0x00007ff8e6090000 - 0x00007ff8e60bc000 	C:\WINDOWS\SYSTEM32\devobj.dll
0x00007ff8e63d0000 - 0x00007ff8e641e000 	C:\WINDOWS\System32\cfgmgr32.dll
0x00007ff8e5c90000 - 0x00007ff8e5c9c000 	C:\WINDOWS\SYSTEM32\cryptbase.dll
0x00007ff8e6b90000 - 0x00007ff8e6bf8000 	C:\WINDOWS\System32\WINTRUST.DLL
0x00007ff8e7870000 - 0x00007ff8e788d000 	C:\WINDOWS\System32\imagehlp.dll
0x00007ff8e5c70000 - 0x00007ff8e5c88000 	C:\WINDOWS\SYSTEM32\CRYPTSP.dll
0x00007ff8e5390000 - 0x00007ff8e53c4000 	C:\WINDOWS\system32\rsaenh.dll
0x00007ff84a330000 - 0x00007ff84bab8000 	C:\WINDOWS\System32\DriverStore\FileRepository\nvlei.inf_amd64_e314d845283f73de\nvd3dumx.dll
0x00007ff89b5d0000 - 0x00007ff89b615000 	C:\Program Files\BellSoft\LibericaJDK-11-Full\bin\glass.dll
0x00007ff8e7720000 - 0x00007ff8e77fb000 	C:\WINDOWS\System32\COMDLG32.dll
0x00007ff8e82d0000 - 0x00007ff8e83fa000 	C:\WINDOWS\System32\ole32.dll
0x00007ff8e7650000 - 0x00007ff8e771d000 	C:\WINDOWS\System32\OLEAUT32.dll
0x00007ff8e78f0000 - 0x00007ff8e7a05000 	C:\WINDOWS\System32\MSCTF.dll
0x00007ff89a840000 - 0x00007ff89ab07000 	C:\WINDOWS\system32\nvspcap64.dll
0x00007ff8e4fc0000 - 0x00007ff8e4ff3000 	C:\WINDOWS\SYSTEM32\ntmarta.dll
0x00007ff8e4b70000 - 0x00007ff8e4b93000 	C:\WINDOWS\SYSTEM32\gpapi.dll
0x00007ff8dd9e0000 - 0x00007ff8dda1b000 	C:\WINDOWS\SYSTEM32\dxcore.dll
0x00007ff8aa250000 - 0x00007ff8aa264000 	C:\Program Files\BellSoft\LibericaJDK-11-Full\bin\javafx_font.dll
0x00007ff8af280000 - 0x00007ff8af4ff000 	C:\WINDOWS\SYSTEM32\dwrite.dll
0x00007ff8e6180000 - 0x00007ff8e61ae000 	C:\WINDOWS\SYSTEM32\USERENV.dll
0x00007ff8e02f0000 - 0x00007ff8e0307000 	C:\WINDOWS\SYSTEM32\dhcpcsvc6.DLL
0x00007ff8e02d0000 - 0x00007ff8e02ed000 	C:\WINDOWS\SYSTEM32\dhcpcsvc.DLL
0x00007ff8e8a20000 - 0x00007ff8e8ac9000 	C:\WINDOWS\System32\clbcatq.dll

dbghelp: loaded successfully - version: 4.0.5 - missing functions: none
symbol engine: initialized successfully - sym options: 0x614 - pdb path: .;C:\Program Files\BellSoft\LibericaJDK-11-Full\bin;C:\WINDOWS\SYSTEM32;C:\WINDOWS\WinSxS\amd64_microsoft.windows.common-controls_6595b64144ccf1df_6.0.19041.1110_none_60b5254171f9507e;C:\Program Files\BellSoft\LibericaJDK-11-Full\bin\server;C:\WINDOWS\System32\DriverStore\FileRepository\nvlei.inf_amd64_e314d845283f73de;C:\Program Files\Common Files\Microsoft Shared\Ink

VM Arguments:
jvm_args: -agentlib:jdwp=transport=dt_socket,suspend=y,address=localhost:1264 --module-path=C:\Program Files\Java\javafx-sdk-18.0.1\lib --add-modules=javafx.controls,javafx.fxml -javaagent:C:\Users\jenia\eclipse\java-2020-09\eclipse\configuration\org.eclipse.osgi\874\0\.cp\lib\javaagent-shaded.jar -Dfile.encoding=Cp1252 
java_command: main.ClientUI
java_class_path (initial): C:\Users\jenia\git\zerLi\ZerliClient\bin;C:\Users\jenia\git\zerLi\ZerliShared\bin;C:\Users\jenia\.p2\pool\plugins\org.eclipse.fx.ide.css.jfx8_3.7.0.202010120832.jar;C:\Users\jenia\git\zerLi\ZerliClient\src\fontawesomefx-commons-9.1.2.jar;C:\Users\jenia\git\zerLi\ZerliClient\src\fontawesomefx-controls-9.1.2.jar;C:\Users\jenia\git\zerLi\ZerliClient\src\fontawesomefx-fontawesome-4.7.0-9.1.2.jar;C:\Users\jenia\git\zerLi\ZerliClient\src\fontawesomefx-icons525-4.2.0-9.1.2.jar;C:\Users\jenia\git\zerLi\ZerliClient\src\fontawesomefx-materialdesignfont-2.0.26-9.1.2.jar;C:\Users\jenia\git\zerLi\ZerliClient\src\fontawesomefx-materialicons-2.2.0-9.1.2.jar;C:\Users\jenia\git\zerLi\ZerliClient\src\fontawesomefx-materialstackicons-2.1-5-9.1.2.jar;C:\Users\jenia\git\zerLi\ZerliClient\src\fontawesomefx-octicons-4.3.0-9.1.2.jar;C:\Users\jenia\git\zerLi\ZerliClient\src\fontawesomefx-weathericons-2.0.10-9.1.2.jar;C:\Users\jenia\git\zerLi\ZerliClient\src\jfoenix-9.0.0.jar
Launcher Type: SUN_STANDARD

[Global flags]
     intx CICompilerCount                          = 3                                         {product} {ergonomic}
     uint ConcGCThreads                            = 1                                         {product} {ergonomic}
     uint G1ConcRefinementThreads                  = 4                                         {product} {ergonomic}
   size_t G1HeapRegionSize                         = 1048576                                   {product} {ergonomic}
    uintx GCDrainStackTargetSize                   = 64                                        {product} {ergonomic}
   size_t InitialHeapSize                          = 268435456                                 {product} {ergonomic}
   size_t MarkStackSize                            = 4194304                                   {product} {ergonomic}
   size_t MaxHeapSize                              = 4284481536                                {product} {ergonomic}
   size_t MaxNewSize                               = 2570059776                                {product} {ergonomic}
   size_t MinHeapDeltaBytes                        = 1048576                                   {product} {ergonomic}
    uintx NonNMethodCodeHeapSize                   = 5830732                                {pd product} {ergonomic}
    uintx NonProfiledCodeHeapSize                  = 122913754                              {pd product} {ergonomic}
    uintx ProfiledCodeHeapSize                     = 122913754                              {pd product} {ergonomic}
    uintx ReservedCodeCacheSize                    = 251658240                              {pd product} {ergonomic}
     bool SegmentedCodeCache                       = true                                      {product} {ergonomic}
     bool UseCompressedClassPointers               = true                                 {lp64_product} {ergonomic}
     bool UseCompressedOops                        = true                                 {lp64_product} {ergonomic}
     bool UseG1GC                                  = true                                      {product} {ergonomic}
     bool UseLargePagesIndividualAllocation        = false                                  {pd product} {ergonomic}

Logging:
Log output configuration:
 #0: stdout all=warning uptime,level,tags
 #1: stderr all=off uptime,level,tags

Environment Variables:
JAVA_HOME=C:\Program Files\BellSoft\LibericaJDK-11-Full\
PATH=C:/Users/jenia/.p2/pool/plugins/org.eclipse.justj.openjdk.hotspot.jre.full.win32.x86_64_14.0.2.v20200815-0932/jre/bin/server;C:/Users/jenia/.p2/pool/plugins/org.eclipse.justj.openjdk.hotspot.jre.full.win32.x86_64_14.0.2.v20200815-0932/jre/bin;C:\Program Files\Oculus\Support\oculus-runtime;C:\Program Files\BellSoft\LibericaJDK-11-Full\bin\;C:\Program Files (x86)\Common Files\Oracle\Java\javapath;C:\Windows\system32;C:\Windows;C:\Windows\System32\Wbem;C:\Windows\System32\WindowsPowerShell\v1.0\;C:\WINDOWS\system32;C:\WINDOWS;C:\WINDOWS\System32\Wbem;C:\WINDOWS\System32\WindowsPowerShell\v1.0\;C:\Program Files (x86)\NVIDIA Corporation\PhysX\Common;C:\WINDOWS\system32;C:\WINDOWS;C:\WINDOWS\System32\Wbem;C:\WINDOWS\System32\WindowsPowerShell\v1.0\;C:\WINDOWS\System32\OpenSSH\;C:\Program Files\NVIDIA Corporation\NVIDIA NvDLISR;C:\Program Files\Microsoft SQL Server\120\Tools\Binn\;C:\Program Files\Microsoft SQL Server\130\Tools\Binn\;D:\Git\cmd;C:\Program Files\dotnet\;C:\Program Files\MySQL\MySQL Shell 8.0\bin\;C:\Users\jenia\AppData\Local\Microsoft\WindowsApps;C:\Users\jenia\.dotnet\tools;C:\Users\jenia\eclipse\java-2020-09\eclipse;
USERNAME=jenia
OS=Windows_NT
PROCESSOR_IDENTIFIER=Intel64 Family 6 Model 158 Stepping 9, GenuineIntel



---------------  S Y S T E M  ---------------

OS: Windows 10 , 64 bit Build 19041 (10.0.19041.1706)
OS uptime: 0 days 6:20 hours

CPU:total 4 (initial active 4) (4 cores per cpu, 1 threads per core) family 6 model 158 stepping 9, cmov, cx8, fxsr, mmx, sse, sse2, sse3, ssse3, sse4.1, sse4.2, popcnt, avx, avx2, aes, clmul, erms, rtm, 3dnowpref, lzcnt, tsc, tscinvbit, bmi1, bmi2, adx, fma

Memory: 4k page, system-wide physical 16338M (4574M free)
TotalPageFile size 24530M (AvailPageFile size 5493M)
current process WorkingSet (physical memory assigned to process): 361M, peak: 408M
current process commit charge ("private bytes"): 658M, peak: 688M

vm_info: OpenJDK 64-Bit Server VM (11.0.9.1+1-LTS) for windows-amd64 JRE (11.0.9.1+1-LTS), built on Nov  2 2020 11:54:37 by "" with MS VC++ 15.9 (VS2017)

END.
